2019-05-13 14:33:13.231  INFO 16165 --- [main] c.e.n.s.impl.MerchantsServiceImplTest    : Starting MerchantsServiceImplTest on Thpffcj.local with PID 16165 (started by thpffcj in /Users/thpffcj/Public/local-repository/SpringBoot-Project/distributed-passbook/merchants)
2019-05-13 14:33:13.232  INFO 16165 --- [main] c.e.n.s.impl.MerchantsServiceImplTest    : No active profile set, falling back to default profiles: default
2019-05-13 14:33:13.310  INFO 16165 --- [main] s.c.a.AnnotationConfigApplicationContext : Refreshing org.springframework.context.annotation.AnnotationConfigApplicationContext@272113c4: startup date [Mon May 13 14:33:13 CST 2019]; root of context hierarchy
2019-05-13 14:33:14.808  INFO 16165 --- [main] trationDelegate$BeanPostProcessorChecker : Bean 'org.springframework.kafka.annotation.KafkaBootstrapConfiguration' of type [org.springframework.kafka.annotation.KafkaBootstrapConfiguration$$EnhancerBySpringCGLIB$$a7ef10ac] is not eligible for getting processed by all BeanPostProcessors (for example: not eligible for auto-proxying)
2019-05-13 14:33:16.089  INFO 16165 --- [main] j.LocalContainerEntityManagerFactoryBean : Building JPA container EntityManagerFactory for persistence unit 'default'
2019-05-13 14:33:16.107  INFO 16165 --- [main] o.hibernate.jpa.internal.util.LogHelper  : HHH000204: Processing PersistenceUnitInfo [
	name: default
	...]
2019-05-13 14:33:16.167  INFO 16165 --- [main] org.hibernate.Version                    : HHH000412: Hibernate Core {5.0.12.Final}
2019-05-13 14:33:16.168  INFO 16165 --- [main] org.hibernate.cfg.Environment            : HHH000206: hibernate.properties not found
2019-05-13 14:33:16.170  INFO 16165 --- [main] org.hibernate.cfg.Environment            : HHH000021: Bytecode provider name : javassist
2019-05-13 14:33:16.205  INFO 16165 --- [main] o.hibernate.annotations.common.Version   : HCANN000001: Hibernate Commons Annotations {5.0.1.Final}
2019-05-13 14:33:16.422  INFO 16165 --- [main] org.hibernate.dialect.Dialect            : HHH000400: Using dialect: org.hibernate.dialect.MySQL5Dialect
2019-05-13 14:33:16.862  INFO 16165 --- [main] j.LocalContainerEntityManagerFactoryBean : Initialized JPA EntityManagerFactory for persistence unit 'default'
2019-05-13 14:33:17.579  INFO 16165 --- [main] o.s.c.support.DefaultLifecycleProcessor  : Starting beans in phase 2147483647
2019-05-13 14:33:17.590  INFO 16165 --- [main] c.e.n.s.impl.MerchantsServiceImplTest    : Started MerchantsServiceImplTest in 5.087 seconds (JVM running for 6.512)
2019-05-13 14:33:17.687  INFO 16165 --- [main] o.h.h.i.QueryTranslatorFactoryInitiator  : HHH000397: Using ASTQueryTranslatorFactory
2019-05-13 14:33:18.001  INFO 16165 --- [Thread-3] s.c.a.AnnotationConfigApplicationContext : Closing org.springframework.context.annotation.AnnotationConfigApplicationContext@272113c4: startup date [Mon May 13 14:33:13 CST 2019]; root of context hierarchy
2019-05-13 14:33:18.005  INFO 16165 --- [Thread-3] o.s.c.support.DefaultLifecycleProcessor  : Stopping beans in phase 2147483647
2019-05-13 14:33:18.006  INFO 16165 --- [Thread-3] o.s.c.support.DefaultLifecycleProcessor  : Stopping beans in phase 0
2019-05-13 14:33:18.007  INFO 16165 --- [Thread-3] j.LocalContainerEntityManagerFactoryBean : Closing JPA EntityManagerFactory for persistence unit 'default'
2019-05-13 14:34:08.162  INFO 16180 --- [main] c.e.n.s.impl.MerchantsServiceImplTest    : Starting MerchantsServiceImplTest on Thpffcj.local with PID 16180 (started by thpffcj in /Users/thpffcj/Public/local-repository/SpringBoot-Project/distributed-passbook/merchants)
2019-05-13 14:34:08.176  INFO 16180 --- [main] c.e.n.s.impl.MerchantsServiceImplTest    : No active profile set, falling back to default profiles: default
2019-05-13 14:34:08.214  INFO 16180 --- [main] s.c.a.AnnotationConfigApplicationContext : Refreshing org.springframework.context.annotation.AnnotationConfigApplicationContext@272113c4: startup date [Mon May 13 14:34:08 CST 2019]; root of context hierarchy
2019-05-13 14:34:09.856  INFO 16180 --- [main] trationDelegate$BeanPostProcessorChecker : Bean 'org.springframework.kafka.annotation.KafkaBootstrapConfiguration' of type [org.springframework.kafka.annotation.KafkaBootstrapConfiguration$$EnhancerBySpringCGLIB$$6c09a242] is not eligible for getting processed by all BeanPostProcessors (for example: not eligible for auto-proxying)
2019-05-13 14:34:11.018  INFO 16180 --- [main] j.LocalContainerEntityManagerFactoryBean : Building JPA container EntityManagerFactory for persistence unit 'default'
2019-05-13 14:34:11.033  INFO 16180 --- [main] o.hibernate.jpa.internal.util.LogHelper  : HHH000204: Processing PersistenceUnitInfo [
	name: default
	...]
2019-05-13 14:34:11.084  INFO 16180 --- [main] org.hibernate.Version                    : HHH000412: Hibernate Core {5.0.12.Final}
2019-05-13 14:34:11.085  INFO 16180 --- [main] org.hibernate.cfg.Environment            : HHH000206: hibernate.properties not found
2019-05-13 14:34:11.086  INFO 16180 --- [main] org.hibernate.cfg.Environment            : HHH000021: Bytecode provider name : javassist
2019-05-13 14:34:11.120  INFO 16180 --- [main] o.hibernate.annotations.common.Version   : HCANN000001: Hibernate Commons Annotations {5.0.1.Final}
2019-05-13 14:34:11.325  INFO 16180 --- [main] org.hibernate.dialect.Dialect            : HHH000400: Using dialect: org.hibernate.dialect.MySQL5Dialect
2019-05-13 14:34:11.794  INFO 16180 --- [main] j.LocalContainerEntityManagerFactoryBean : Initialized JPA EntityManagerFactory for persistence unit 'default'
2019-05-13 14:34:12.547  INFO 16180 --- [main] o.s.c.support.DefaultLifecycleProcessor  : Starting beans in phase 2147483647
2019-05-13 14:34:12.565  INFO 16180 --- [main] c.e.n.s.impl.MerchantsServiceImplTest    : Started MerchantsServiceImplTest in 5.102 seconds (JVM running for 6.169)
2019-05-13 14:34:12.692  INFO 16180 --- [main] o.h.h.i.QueryTranslatorFactoryInitiator  : HHH000397: Using ASTQueryTranslatorFactory
2019-05-13 14:34:13.029  INFO 16180 --- [main] o.a.k.clients.producer.ProducerConfig    : ProducerConfig values: 
	metric.reporters = []
	metadata.max.age.ms = 300000
	reconnect.backoff.ms = 50
	sasl.kerberos.ticket.renew.window.factor = 0.8
	bootstrap.servers = [127.0.0.1:9092]
	ssl.keystore.type = JKS
	sasl.mechanism = GSSAPI
	max.block.ms = 60000
	interceptor.classes = null
	ssl.truststore.password = null
	client.id = 
	ssl.endpoint.identification.algorithm = null
	request.timeout.ms = 30000
	acks = 1
	receive.buffer.bytes = 32768
	ssl.truststore.type = JKS
	retries = 0
	ssl.truststore.location = null
	ssl.keystore.password = null
	send.buffer.bytes = 131072
	compression.type = none
	metadata.fetch.timeout.ms = 60000
	retry.backoff.ms = 100
	sasl.kerberos.kinit.cmd = /usr/bin/kinit
	buffer.memory = 33554432
	timeout.ms = 30000
	key.serializer = class org.apache.kafka.common.serialization.StringSerializer
	sasl.kerberos.service.name = null
	sasl.kerberos.ticket.renew.jitter = 0.05
	ssl.trustmanager.algorithm = PKIX
	block.on.buffer.full = false
	ssl.key.password = null
	sasl.kerberos.min.time.before.relogin = 60000
	connections.max.idle.ms = 540000
	max.in.flight.requests.per.connection = 5
	metrics.num.samples = 2
	ssl.protocol = TLS
	ssl.provider = null
	ssl.enabled.protocols = [TLSv1.2, TLSv1.1, TLSv1]
	batch.size = 16384
	ssl.keystore.location = null
	ssl.cipher.suites = null
	security.protocol = PLAINTEXT
	max.request.size = 1048576
	value.serializer = class org.apache.kafka.common.serialization.StringSerializer
	ssl.keymanager.algorithm = SunX509
	metrics.sample.window.ms = 30000
	partitioner.class = class org.apache.kafka.clients.producer.internals.DefaultPartitioner
	linger.ms = 0

2019-05-13 14:34:13.081  INFO 16180 --- [main] o.a.k.clients.producer.ProducerConfig    : ProducerConfig values: 
	metric.reporters = []
	metadata.max.age.ms = 300000
	reconnect.backoff.ms = 50
	sasl.kerberos.ticket.renew.window.factor = 0.8
	bootstrap.servers = [127.0.0.1:9092]
	ssl.keystore.type = JKS
	sasl.mechanism = GSSAPI
	max.block.ms = 60000
	interceptor.classes = null
	ssl.truststore.password = null
	client.id = producer-1
	ssl.endpoint.identification.algorithm = null
	request.timeout.ms = 30000
	acks = 1
	receive.buffer.bytes = 32768
	ssl.truststore.type = JKS
	retries = 0
	ssl.truststore.location = null
	ssl.keystore.password = null
	send.buffer.bytes = 131072
	compression.type = none
	metadata.fetch.timeout.ms = 60000
	retry.backoff.ms = 100
	sasl.kerberos.kinit.cmd = /usr/bin/kinit
	buffer.memory = 33554432
	timeout.ms = 30000
	key.serializer = class org.apache.kafka.common.serialization.StringSerializer
	sasl.kerberos.service.name = null
	sasl.kerberos.ticket.renew.jitter = 0.05
	ssl.trustmanager.algorithm = PKIX
	block.on.buffer.full = false
	ssl.key.password = null
	sasl.kerberos.min.time.before.relogin = 60000
	connections.max.idle.ms = 540000
	max.in.flight.requests.per.connection = 5
	metrics.num.samples = 2
	ssl.protocol = TLS
	ssl.provider = null
	ssl.enabled.protocols = [TLSv1.2, TLSv1.1, TLSv1]
	batch.size = 16384
	ssl.keystore.location = null
	ssl.cipher.suites = null
	security.protocol = PLAINTEXT
	max.request.size = 1048576
	value.serializer = class org.apache.kafka.common.serialization.StringSerializer
	ssl.keymanager.algorithm = SunX509
	metrics.sample.window.ms = 30000
	partitioner.class = class org.apache.kafka.clients.producer.internals.DefaultPartitioner
	linger.ms = 0

2019-05-13 14:34:13.084  INFO 16180 --- [main] o.a.kafka.common.utils.AppInfoParser     : Kafka version : 0.10.0.1
2019-05-13 14:34:13.085  INFO 16180 --- [main] o.a.kafka.common.utils.AppInfoParser     : Kafka commitId : a7a17cdec9eaa6c5
2019-05-13 14:34:13.243  INFO 16180 --- [main] c.e.n.service.impl.MerchantsServiceImpl  : DropPassTemplates: {"background":2,"desc":"详情: 慕课","end":1558593252645,"hasToken":false,"id":9,"limit":10000,"start":1556865252638,"summary":"简介: 慕课","title":"慕课-1"}
2019-05-13 14:34:13.263  INFO 16180 --- [Thread-3] s.c.a.AnnotationConfigApplicationContext : Closing org.springframework.context.annotation.AnnotationConfigApplicationContext@272113c4: startup date [Mon May 13 14:34:08 CST 2019]; root of context hierarchy
2019-05-13 14:34:13.266  INFO 16180 --- [Thread-3] o.s.c.support.DefaultLifecycleProcessor  : Stopping beans in phase 2147483647
2019-05-13 14:34:13.267  INFO 16180 --- [Thread-3] o.s.c.support.DefaultLifecycleProcessor  : Stopping beans in phase 0
2019-05-13 14:34:13.268  INFO 16180 --- [Thread-3] o.a.k.clients.producer.KafkaProducer     : Closing the Kafka producer with timeoutMillis = 9223372036854775807 ms.
2019-05-13 14:34:13.356  INFO 16180 --- [Thread-3] j.LocalContainerEntityManagerFactoryBean : Closing JPA EntityManagerFactory for persistence unit 'default'
2019-05-13 14:38:36.003  INFO 16196 --- [main] c.e.n.s.impl.MerchantsServiceImplTest    : Starting MerchantsServiceImplTest on Thpffcj.local with PID 16196 (started by thpffcj in /Users/thpffcj/Public/local-repository/SpringBoot-Project/distributed-passbook/merchants)
2019-05-13 14:38:36.005  INFO 16196 --- [main] c.e.n.s.impl.MerchantsServiceImplTest    : No active profile set, falling back to default profiles: default
2019-05-13 14:38:36.047  INFO 16196 --- [main] s.c.a.AnnotationConfigApplicationContext : Refreshing org.springframework.context.annotation.AnnotationConfigApplicationContext@272113c4: startup date [Mon May 13 14:38:36 CST 2019]; root of context hierarchy
2019-05-13 14:38:37.561  INFO 16196 --- [main] trationDelegate$BeanPostProcessorChecker : Bean 'org.springframework.kafka.annotation.KafkaBootstrapConfiguration' of type [org.springframework.kafka.annotation.KafkaBootstrapConfiguration$$EnhancerBySpringCGLIB$$e8fd8daf] is not eligible for getting processed by all BeanPostProcessors (for example: not eligible for auto-proxying)
2019-05-13 14:38:38.752  INFO 16196 --- [main] j.LocalContainerEntityManagerFactoryBean : Building JPA container EntityManagerFactory for persistence unit 'default'
2019-05-13 14:38:38.769  INFO 16196 --- [main] o.hibernate.jpa.internal.util.LogHelper  : HHH000204: Processing PersistenceUnitInfo [
	name: default
	...]
2019-05-13 14:38:38.840  INFO 16196 --- [main] org.hibernate.Version                    : HHH000412: Hibernate Core {5.0.12.Final}
2019-05-13 14:38:38.842  INFO 16196 --- [main] org.hibernate.cfg.Environment            : HHH000206: hibernate.properties not found
2019-05-13 14:38:38.843  INFO 16196 --- [main] org.hibernate.cfg.Environment            : HHH000021: Bytecode provider name : javassist
2019-05-13 14:38:38.889  INFO 16196 --- [main] o.hibernate.annotations.common.Version   : HCANN000001: Hibernate Commons Annotations {5.0.1.Final}
2019-05-13 14:38:39.122  INFO 16196 --- [main] org.hibernate.dialect.Dialect            : HHH000400: Using dialect: org.hibernate.dialect.MySQL5Dialect
2019-05-13 14:38:39.503  INFO 16196 --- [main] j.LocalContainerEntityManagerFactoryBean : Initialized JPA EntityManagerFactory for persistence unit 'default'
2019-05-13 14:38:40.289  INFO 16196 --- [main] o.s.c.support.DefaultLifecycleProcessor  : Starting beans in phase 2147483647
2019-05-13 14:38:40.301  INFO 16196 --- [main] c.e.n.s.impl.MerchantsServiceImplTest    : Started MerchantsServiceImplTest in 5.011 seconds (JVM running for 6.144)
2019-05-13 14:38:40.401  INFO 16196 --- [main] o.h.h.i.QueryTranslatorFactoryInitiator  : HHH000397: Using ASTQueryTranslatorFactory
2019-05-13 14:38:40.873  INFO 16196 --- [main] o.a.k.clients.producer.ProducerConfig    : ProducerConfig values: 
	metric.reporters = []
	metadata.max.age.ms = 300000
	reconnect.backoff.ms = 50
	sasl.kerberos.ticket.renew.window.factor = 0.8
	bootstrap.servers = [127.0.0.1:9092]
	ssl.keystore.type = JKS
	sasl.mechanism = GSSAPI
	max.block.ms = 60000
	interceptor.classes = null
	ssl.truststore.password = null
	client.id = 
	ssl.endpoint.identification.algorithm = null
	request.timeout.ms = 30000
	acks = 1
	receive.buffer.bytes = 32768
	ssl.truststore.type = JKS
	retries = 0
	ssl.truststore.location = null
	ssl.keystore.password = null
	send.buffer.bytes = 131072
	compression.type = none
	metadata.fetch.timeout.ms = 60000
	retry.backoff.ms = 100
	sasl.kerberos.kinit.cmd = /usr/bin/kinit
	buffer.memory = 33554432
	timeout.ms = 30000
	key.serializer = class org.apache.kafka.common.serialization.StringSerializer
	sasl.kerberos.service.name = null
	sasl.kerberos.ticket.renew.jitter = 0.05
	ssl.trustmanager.algorithm = PKIX
	block.on.buffer.full = false
	ssl.key.password = null
	sasl.kerberos.min.time.before.relogin = 60000
	connections.max.idle.ms = 540000
	max.in.flight.requests.per.connection = 5
	metrics.num.samples = 2
	ssl.protocol = TLS
	ssl.provider = null
	ssl.enabled.protocols = [TLSv1.2, TLSv1.1, TLSv1]
	batch.size = 16384
	ssl.keystore.location = null
	ssl.cipher.suites = null
	security.protocol = PLAINTEXT
	max.request.size = 1048576
	value.serializer = class org.apache.kafka.common.serialization.StringSerializer
	ssl.keymanager.algorithm = SunX509
	metrics.sample.window.ms = 30000
	partitioner.class = class org.apache.kafka.clients.producer.internals.DefaultPartitioner
	linger.ms = 0

2019-05-13 14:38:40.909  INFO 16196 --- [main] o.a.k.clients.producer.ProducerConfig    : ProducerConfig values: 
	metric.reporters = []
	metadata.max.age.ms = 300000
	reconnect.backoff.ms = 50
	sasl.kerberos.ticket.renew.window.factor = 0.8
	bootstrap.servers = [127.0.0.1:9092]
	ssl.keystore.type = JKS
	sasl.mechanism = GSSAPI
	max.block.ms = 60000
	interceptor.classes = null
	ssl.truststore.password = null
	client.id = producer-1
	ssl.endpoint.identification.algorithm = null
	request.timeout.ms = 30000
	acks = 1
	receive.buffer.bytes = 32768
	ssl.truststore.type = JKS
	retries = 0
	ssl.truststore.location = null
	ssl.keystore.password = null
	send.buffer.bytes = 131072
	compression.type = none
	metadata.fetch.timeout.ms = 60000
	retry.backoff.ms = 100
	sasl.kerberos.kinit.cmd = /usr/bin/kinit
	buffer.memory = 33554432
	timeout.ms = 30000
	key.serializer = class org.apache.kafka.common.serialization.StringSerializer
	sasl.kerberos.service.name = null
	sasl.kerberos.ticket.renew.jitter = 0.05
	ssl.trustmanager.algorithm = PKIX
	block.on.buffer.full = false
	ssl.key.password = null
	sasl.kerberos.min.time.before.relogin = 60000
	connections.max.idle.ms = 540000
	max.in.flight.requests.per.connection = 5
	metrics.num.samples = 2
	ssl.protocol = TLS
	ssl.provider = null
	ssl.enabled.protocols = [TLSv1.2, TLSv1.1, TLSv1]
	batch.size = 16384
	ssl.keystore.location = null
	ssl.cipher.suites = null
	security.protocol = PLAINTEXT
	max.request.size = 1048576
	value.serializer = class org.apache.kafka.common.serialization.StringSerializer
	ssl.keymanager.algorithm = SunX509
	metrics.sample.window.ms = 30000
	partitioner.class = class org.apache.kafka.clients.producer.internals.DefaultPartitioner
	linger.ms = 0

2019-05-13 14:38:40.912  INFO 16196 --- [main] o.a.kafka.common.utils.AppInfoParser     : Kafka version : 0.10.0.1
2019-05-13 14:38:40.913  INFO 16196 --- [main] o.a.kafka.common.utils.AppInfoParser     : Kafka commitId : a7a17cdec9eaa6c5
2019-05-13 14:38:41.080  INFO 16196 --- [main] c.e.n.service.impl.MerchantsServiceImpl  : DropPassTemplates: {"background":2,"desc":"详情: 慕课","end":1558593520364,"hasToken":true,"id":9,"limit":10000,"start":1556865520362,"summary":"简介: 慕课","title":"慕课-2"}
2019-05-13 14:38:41.107  INFO 16196 --- [Thread-3] s.c.a.AnnotationConfigApplicationContext : Closing org.springframework.context.annotation.AnnotationConfigApplicationContext@272113c4: startup date [Mon May 13 14:38:36 CST 2019]; root of context hierarchy
2019-05-13 14:38:41.110  INFO 16196 --- [Thread-3] o.s.c.support.DefaultLifecycleProcessor  : Stopping beans in phase 2147483647
2019-05-13 14:38:41.110  INFO 16196 --- [Thread-3] o.s.c.support.DefaultLifecycleProcessor  : Stopping beans in phase 0
2019-05-13 14:38:41.111  INFO 16196 --- [Thread-3] o.a.k.clients.producer.KafkaProducer     : Closing the Kafka producer with timeoutMillis = 9223372036854775807 ms.
2019-05-13 14:38:41.122  INFO 16196 --- [Thread-3] j.LocalContainerEntityManagerFactoryBean : Closing JPA EntityManagerFactory for persistence unit 'default'
