2018-05-03 20:45:15.348 [main] INFO  [cn.edu.nju.HouseApplication:48] maincid - Starting HouseApplication on MicroWin10-109 with PID 5648 (D:\Github\SpringBoot-Project\RealEstateSingle\house-web\target\classes started by Administrator in D:\Github\SpringBoot-Project\RealEstateSingle)
2018-05-03 20:45:15.396 [main] INFO  [cn.edu.nju.HouseApplication:593] maincid - No active profile set, falling back to default profiles: default
2018-05-03 20:45:15.567 [main] INFO  [org.springframework.boot.context.embedded.AnnotationConfigEmbeddedWebApplicationContext:583] maincid - Refreshing org.springframework.boot.context.embedded.AnnotationConfigEmbeddedWebApplicationContext@1c9b0314: startup date [Thu May 03 20:45:15 CST 2018]; root of context hierarchy
2018-05-03 20:45:16.170 [background-preinit] INFO  [org.hibernate.validator.internal.util.Version:30] background-preinitcid - HV000001: Hibernate Validator 5.3.5.Final
2018-05-03 20:45:19.803 [main] INFO  [org.springframework.boot.context.embedded.tomcat.TomcatEmbeddedServletContainer:89] maincid - Tomcat initialized with port(s): 8090 (http)
2018-05-03 20:45:19.817 [main] INFO  [org.apache.catalina.core.StandardService:179] maincid - Starting service [Tomcat]
2018-05-03 20:45:19.819 [main] INFO  [org.apache.catalina.core.StandardEngine:179] maincid - Starting Servlet Engine: Apache Tomcat/8.5.20
2018-05-03 20:45:19.929 [localhost-startStop-1] INFO  [org.apache.catalina.core.ContainerBase.[Tomcat].[localhost].[/]:179] localhost-startStop-1cid - Initializing Spring embedded WebApplicationContext
2018-05-03 20:45:19.929 [localhost-startStop-1] INFO  [org.springframework.web.context.ContextLoader:276] localhost-startStop-1cid - Root WebApplicationContext: initialization completed in 4377 ms
2018-05-03 20:45:20.237 [localhost-startStop-1] INFO  [org.springframework.boot.web.servlet.FilterRegistrationBean:258] localhost-startStop-1cid - Mapping filter: 'metricsFilter' to: [/*]
2018-05-03 20:45:20.238 [localhost-startStop-1] INFO  [org.springframework.boot.web.servlet.FilterRegistrationBean:258] localhost-startStop-1cid - Mapping filter: 'characterEncodingFilter' to: [/*]
2018-05-03 20:45:20.238 [localhost-startStop-1] INFO  [org.springframework.boot.web.servlet.FilterRegistrationBean:258] localhost-startStop-1cid - Mapping filter: 'hiddenHttpMethodFilter' to: [/*]
2018-05-03 20:45:20.238 [localhost-startStop-1] INFO  [org.springframework.boot.web.servlet.FilterRegistrationBean:258] localhost-startStop-1cid - Mapping filter: 'httpPutFormContentFilter' to: [/*]
2018-05-03 20:45:20.238 [localhost-startStop-1] INFO  [org.springframework.boot.web.servlet.FilterRegistrationBean:258] localhost-startStop-1cid - Mapping filter: 'requestContextFilter' to: [/*]
2018-05-03 20:45:20.238 [localhost-startStop-1] INFO  [org.springframework.boot.web.servlet.FilterRegistrationBean:258] localhost-startStop-1cid - Mapping filter: 'webRequestLoggingFilter' to: [/*]
2018-05-03 20:45:20.238 [localhost-startStop-1] INFO  [org.springframework.boot.web.servlet.FilterRegistrationBean:271] localhost-startStop-1cid - Mapping filter: 'logFilter' to urls: [*]
2018-05-03 20:45:20.238 [localhost-startStop-1] INFO  [org.springframework.boot.web.servlet.FilterRegistrationBean:258] localhost-startStop-1cid - Mapping filter: 'applicationContextIdFilter' to: [/*]
2018-05-03 20:45:20.238 [localhost-startStop-1] INFO  [org.springframework.boot.web.servlet.ServletRegistrationBean:190] localhost-startStop-1cid - Mapping servlet: 'statViewServlet' to [/druid/*]
2018-05-03 20:45:20.239 [localhost-startStop-1] INFO  [org.springframework.boot.web.servlet.ServletRegistrationBean:190] localhost-startStop-1cid - Mapping servlet: 'dispatcherServlet' to [/]
2018-05-03 20:45:20.984 [main] INFO  [com.alibaba.druid.pool.DruidDataSource:106] maincid - {dataSource-1} inited
2018-05-03 20:45:21.875 [main] INFO  [org.apache.catalina.core.ContainerBase.[Tomcat].[localhost].[/]:179] maincid - jolokia: No access restrictor found, access to any MBean is allowed
2018-05-03 20:45:22.066 [main] INFO  [org.springframework.web.servlet.mvc.method.annotation.RequestMappingHandlerAdapter:534] maincid - Looking for @ControllerAdvice: org.springframework.boot.context.embedded.AnnotationConfigEmbeddedWebApplicationContext@1c9b0314: startup date [Thu May 03 20:45:15 CST 2018]; root of context hierarchy
2018-05-03 20:45:22.128 [main] INFO  [org.springframework.web.servlet.mvc.method.annotation.RequestMappingHandlerMapping:543] maincid - Mapped "{[/index]}" onto public java.lang.String cn.edu.nju.web.controller.HelloController.index()
2018-05-03 20:45:22.129 [main] INFO  [org.springframework.web.servlet.mvc.method.annotation.RequestMappingHandlerMapping:543] maincid - Mapped "{[/hello]}" onto public java.lang.String cn.edu.nju.web.controller.HelloController.hello(org.springframework.ui.ModelMap)
2018-05-03 20:45:22.130 [main] INFO  [org.springframework.web.servlet.mvc.method.annotation.RequestMappingHandlerMapping:543] maincid - Mapped "{[/accounts/register]}" onto public java.lang.String cn.edu.nju.web.controller.UserController.accountsRegister(cn.edu.nju.common.model.User,org.springframework.ui.ModelMap)
2018-05-03 20:45:22.131 [main] INFO  [org.springframework.web.servlet.mvc.method.annotation.RequestMappingHandlerMapping:543] maincid - Mapped "{[/error]}" onto public org.springframework.http.ResponseEntity<java.util.Map<java.lang.String, java.lang.Object>> org.springframework.boot.autoconfigure.web.BasicErrorController.error(javax.servlet.http.HttpServletRequest)
2018-05-03 20:45:22.131 [main] INFO  [org.springframework.web.servlet.mvc.method.annotation.RequestMappingHandlerMapping:543] maincid - Mapped "{[/error],produces=[text/html]}" onto public org.springframework.web.servlet.ModelAndView org.springframework.boot.autoconfigure.web.BasicErrorController.errorHtml(javax.servlet.http.HttpServletRequest,javax.servlet.http.HttpServletResponse)
2018-05-03 20:45:22.157 [main] INFO  [org.springframework.web.servlet.handler.SimpleUrlHandlerMapping:362] maincid - Mapped URL path [/webjars/**] onto handler of type [class org.springframework.web.servlet.resource.ResourceHttpRequestHandler]
2018-05-03 20:45:22.157 [main] INFO  [org.springframework.web.servlet.handler.SimpleUrlHandlerMapping:362] maincid - Mapped URL path [/**] onto handler of type [class org.springframework.web.servlet.resource.ResourceHttpRequestHandler]
2018-05-03 20:45:22.174 [main] INFO  [org.springframework.web.servlet.mvc.method.annotation.ExceptionHandlerExceptionResolver:273] maincid - Detected @ExceptionHandler methods in errorHandler
2018-05-03 20:45:22.192 [main] INFO  [org.springframework.web.servlet.handler.SimpleUrlHandlerMapping:362] maincid - Mapped URL path [/**/favicon.ico] onto handler of type [class org.springframework.web.servlet.resource.ResourceHttpRequestHandler]
2018-05-03 20:45:22.314 [main] INFO  [org.springframework.scheduling.concurrent.ThreadPoolTaskScheduler:165] maincid - Initializing ExecutorService  'registrationTaskScheduler'
2018-05-03 20:45:22.822 [main] INFO  [org.springframework.web.servlet.view.freemarker.FreeMarkerConfigurer:127] maincid - ClassTemplateLoader for Spring macros added to FreeMarker configuration
2018-05-03 20:45:22.962 [main] INFO  [org.springframework.jmx.export.annotation.AnnotationMBeanExporter:431] maincid - Registering beans for JMX exposure on startup
2018-05-03 20:45:22.963 [main] INFO  [org.springframework.jmx.export.annotation.AnnotationMBeanExporter:916] maincid - Bean with name 'dataSource' has been autodetected for JMX exposure
2018-05-03 20:45:22.963 [main] INFO  [org.springframework.jmx.export.annotation.AnnotationMBeanExporter:916] maincid - Bean with name 'statFilter' has been autodetected for JMX exposure
2018-05-03 20:45:22.968 [main] INFO  [org.springframework.jmx.export.annotation.AnnotationMBeanExporter:671] maincid - Located MBean 'dataSource': registering with JMX server as MBean [com.alibaba.druid.pool:name=dataSource,type=DruidDataSource]
2018-05-03 20:45:22.968 [main] INFO  [org.springframework.jmx.export.annotation.AnnotationMBeanExporter:671] maincid - Located MBean 'statFilter': registering with JMX server as MBean [com.alibaba.druid.filter.stat:name=statFilter,type=StatFilter]
2018-05-03 20:45:22.968 [main] INFO  [org.springframework.boot.actuate.endpoint.jmx.EndpointMBeanExporter:431] maincid - Registering beans for JMX exposure on startup
2018-05-03 20:45:22.970 [main] INFO  [org.springframework.boot.context.embedded.AnnotationConfigEmbeddedWebApplicationContext:583] maincid - Refreshing org.springframework.boot.context.embedded.AnnotationConfigEmbeddedWebApplicationContext@616a06e3: startup date [Thu May 03 20:45:22 CST 2018]; parent: org.springframework.boot.context.embedded.AnnotationConfigEmbeddedWebApplicationContext@1c9b0314
2018-05-03 20:45:22.998 [main] INFO  [org.springframework.beans.factory.support.DefaultListableBeanFactory:828] maincid - Overriding bean definition for bean 'handlerExceptionResolver' with a different definition: replacing [Root bean: class [null]; scope=; abstract=false; lazyInit=false; autowireMode=3; dependencyCheck=0; autowireCandidate=true; primary=false; factoryBeanName=org.springframework.web.servlet.config.annotation.DelegatingWebMvcConfiguration; factoryMethodName=handlerExceptionResolver; initMethodName=null; destroyMethodName=(inferred); defined in org.springframework.web.servlet.config.annotation.DelegatingWebMvcConfiguration] with [Root bean: class [null]; scope=; abstract=false; lazyInit=false; autowireMode=3; dependencyCheck=0; autowireCandidate=true; primary=false; factoryBeanName=endpointWebMvcChildContextConfiguration; factoryMethodName=compositeHandlerExceptionResolver; initMethodName=null; destroyMethodName=(inferred); defined in org.springframework.boot.actuate.autoconfigure.EndpointWebMvcChildContextConfiguration]
2018-05-03 20:45:23.047 [main] INFO  [org.springframework.boot.context.embedded.tomcat.TomcatEmbeddedServletContainer:89] maincid - Tomcat initialized with port(s): 8092 (http)
2018-05-03 20:45:23.047 [main] INFO  [org.apache.catalina.core.StandardService:179] maincid - Starting service [Tomcat]
2018-05-03 20:45:23.048 [main] INFO  [org.apache.catalina.core.StandardEngine:179] maincid - Starting Servlet Engine: Apache Tomcat/8.5.20
2018-05-03 20:45:23.068 [localhost-startStop-1] INFO  [org.apache.catalina.core.ContainerBase.[Tomcat-1].[localhost].[/]:179] localhost-startStop-1cid - Initializing Spring embedded WebApplicationContext
2018-05-03 20:45:23.068 [localhost-startStop-1] INFO  [org.springframework.web.context.ContextLoader:276] localhost-startStop-1cid - Root WebApplicationContext: initialization completed in 98 ms
2018-05-03 20:45:23.071 [localhost-startStop-1] INFO  [org.springframework.boot.web.servlet.ServletRegistrationBean:190] localhost-startStop-1cid - Mapping servlet: 'dispatcherServlet' to [/]
2018-05-03 20:45:23.158 [main] INFO  [org.springframework.boot.actuate.endpoint.mvc.EndpointHandlerMapping:543] maincid - Mapped "{[/autoconfig || /autoconfig.json],methods=[GET],produces=[application/vnd.spring-boot.actuator.v1+json || application/json]}" onto public java.lang.Object org.springframework.boot.actuate.endpoint.mvc.EndpointMvcAdapter.invoke()
2018-05-03 20:45:23.160 [main] INFO  [org.springframework.boot.actuate.endpoint.mvc.EndpointHandlerMapping:543] maincid - Mapped "{[/info || /info.json],methods=[GET],produces=[application/vnd.spring-boot.actuator.v1+json || application/json]}" onto public java.lang.Object org.springframework.boot.actuate.endpoint.mvc.EndpointMvcAdapter.invoke()
2018-05-03 20:45:23.160 [main] INFO  [org.springframework.boot.actuate.endpoint.mvc.EndpointHandlerMapping:543] maincid - Mapped "{[/health || /health.json],methods=[GET],produces=[application/vnd.spring-boot.actuator.v1+json || application/json]}" onto public java.lang.Object org.springframework.boot.actuate.endpoint.mvc.HealthMvcEndpoint.invoke(javax.servlet.http.HttpServletRequest,java.security.Principal)
2018-05-03 20:45:23.161 [main] INFO  [org.springframework.boot.actuate.endpoint.mvc.EndpointHandlerMapping:543] maincid - Mapped "{[/beans || /beans.json],methods=[GET],produces=[application/vnd.spring-boot.actuator.v1+json || application/json]}" onto public java.lang.Object org.springframework.boot.actuate.endpoint.mvc.EndpointMvcAdapter.invoke()
2018-05-03 20:45:23.162 [main] INFO  [org.springframework.boot.actuate.endpoint.mvc.EndpointHandlerMapping:543] maincid - Mapped "{[/dump || /dump.json],methods=[GET],produces=[application/vnd.spring-boot.actuator.v1+json || application/json]}" onto public java.lang.Object org.springframework.boot.actuate.endpoint.mvc.EndpointMvcAdapter.invoke()
2018-05-03 20:45:23.163 [main] INFO  [org.springframework.boot.actuate.endpoint.mvc.EndpointHandlerMapping:543] maincid - Mapped "{[/metrics/{name:.*}],methods=[GET],produces=[application/vnd.spring-boot.actuator.v1+json || application/json]}" onto public java.lang.Object org.springframework.boot.actuate.endpoint.mvc.MetricsMvcEndpoint.value(java.lang.String)
2018-05-03 20:45:23.163 [main] INFO  [org.springframework.boot.actuate.endpoint.mvc.EndpointHandlerMapping:543] maincid - Mapped "{[/metrics || /metrics.json],methods=[GET],produces=[application/vnd.spring-boot.actuator.v1+json || application/json]}" onto public java.lang.Object org.springframework.boot.actuate.endpoint.mvc.EndpointMvcAdapter.invoke()
2018-05-03 20:45:23.164 [main] INFO  [org.springframework.boot.actuate.endpoint.mvc.EndpointHandlerMapping:543] maincid - Mapped "{[/heapdump || /heapdump.json],methods=[GET],produces=[application/octet-stream]}" onto public void org.springframework.boot.actuate.endpoint.mvc.HeapdumpMvcEndpoint.invoke(boolean,javax.servlet.http.HttpServletRequest,javax.servlet.http.HttpServletResponse) throws java.io.IOException,javax.servlet.ServletException
2018-05-03 20:45:23.167 [main] INFO  [org.springframework.boot.actuate.endpoint.mvc.EndpointHandlerMapping:543] maincid - Mapped "{[/loggers/{name:.*}],methods=[GET],produces=[application/vnd.spring-boot.actuator.v1+json || application/json]}" onto public java.lang.Object org.springframework.boot.actuate.endpoint.mvc.LoggersMvcEndpoint.get(java.lang.String)
2018-05-03 20:45:23.167 [main] INFO  [org.springframework.boot.actuate.endpoint.mvc.EndpointHandlerMapping:543] maincid - Mapped "{[/loggers/{name:.*}],methods=[POST],consumes=[application/vnd.spring-boot.actuator.v1+json || application/json],produces=[application/vnd.spring-boot.actuator.v1+json || application/json]}" onto public java.lang.Object org.springframework.boot.actuate.endpoint.mvc.LoggersMvcEndpoint.set(java.lang.String,java.util.Map<java.lang.String, java.lang.String>)
2018-05-03 20:45:23.167 [main] INFO  [org.springframework.boot.actuate.endpoint.mvc.EndpointHandlerMapping:543] maincid - Mapped "{[/loggers || /loggers.json],methods=[GET],produces=[application/vnd.spring-boot.actuator.v1+json || application/json]}" onto public java.lang.Object org.springframework.boot.actuate.endpoint.mvc.EndpointMvcAdapter.invoke()
2018-05-03 20:45:23.168 [main] INFO  [org.springframework.boot.actuate.endpoint.mvc.EndpointHandlerMapping:543] maincid - Mapped "{[/jolokia/**]}" onto public org.springframework.web.servlet.ModelAndView org.springframework.boot.actuate.endpoint.mvc.JolokiaMvcEndpoint.handle(javax.servlet.http.HttpServletRequest,javax.servlet.http.HttpServletResponse) throws java.lang.Exception
2018-05-03 20:45:23.169 [main] INFO  [org.springframework.boot.actuate.endpoint.mvc.EndpointHandlerMapping:543] maincid - Mapped "{[/env/{name:.*}],methods=[GET],produces=[application/vnd.spring-boot.actuator.v1+json || application/json]}" onto public java.lang.Object org.springframework.boot.actuate.endpoint.mvc.EnvironmentMvcEndpoint.value(java.lang.String)
2018-05-03 20:45:23.170 [main] INFO  [org.springframework.boot.actuate.endpoint.mvc.EndpointHandlerMapping:543] maincid - Mapped "{[/env || /env.json],methods=[GET],produces=[application/vnd.spring-boot.actuator.v1+json || application/json]}" onto public java.lang.Object org.springframework.boot.actuate.endpoint.mvc.EndpointMvcAdapter.invoke()
2018-05-03 20:45:23.170 [main] INFO  [org.springframework.boot.actuate.endpoint.mvc.EndpointHandlerMapping:543] maincid - Mapped "{[/auditevents || /auditevents.json],methods=[GET],produces=[application/vnd.spring-boot.actuator.v1+json || application/json]}" onto public org.springframework.http.ResponseEntity<?> org.springframework.boot.actuate.endpoint.mvc.AuditEventsMvcEndpoint.findByPrincipalAndAfterAndType(java.lang.String,java.util.Date,java.lang.String)
2018-05-03 20:45:23.171 [main] INFO  [org.springframework.boot.actuate.endpoint.mvc.EndpointHandlerMapping:543] maincid - Mapped "{[/mappings || /mappings.json],methods=[GET],produces=[application/vnd.spring-boot.actuator.v1+json || application/json]}" onto public java.lang.Object org.springframework.boot.actuate.endpoint.mvc.EndpointMvcAdapter.invoke()
2018-05-03 20:45:23.171 [main] INFO  [org.springframework.boot.actuate.endpoint.mvc.EndpointHandlerMapping:543] maincid - Mapped "{[/trace || /trace.json],methods=[GET],produces=[application/vnd.spring-boot.actuator.v1+json || application/json]}" onto public java.lang.Object org.springframework.boot.actuate.endpoint.mvc.EndpointMvcAdapter.invoke()
2018-05-03 20:45:23.172 [main] INFO  [org.springframework.boot.actuate.endpoint.mvc.EndpointHandlerMapping:543] maincid - Mapped "{[/configprops || /configprops.json],methods=[GET],produces=[application/vnd.spring-boot.actuator.v1+json || application/json]}" onto public java.lang.Object org.springframework.boot.actuate.endpoint.mvc.EndpointMvcAdapter.invoke()
2018-05-03 20:45:23.183 [main] INFO  [org.springframework.web.servlet.mvc.method.annotation.RequestMappingHandlerMapping:543] maincid - Mapped "{[/error]}" onto public java.util.Map<java.lang.String, java.lang.Object> org.springframework.boot.actuate.endpoint.mvc.ManagementErrorEndpoint.invoke()
2018-05-03 20:45:23.187 [main] INFO  [org.springframework.web.servlet.handler.SimpleUrlHandlerMapping:362] maincid - Mapped URL path [/webjars/**] onto handler of type [class org.springframework.web.servlet.resource.ResourceHttpRequestHandler]
2018-05-03 20:45:23.187 [main] INFO  [org.springframework.web.servlet.handler.SimpleUrlHandlerMapping:362] maincid - Mapped URL path [/**] onto handler of type [class org.springframework.web.servlet.resource.ResourceHttpRequestHandler]
2018-05-03 20:45:23.200 [main] INFO  [org.springframework.web.servlet.mvc.method.annotation.RequestMappingHandlerAdapter:534] maincid - Looking for @ControllerAdvice: org.springframework.boot.context.embedded.AnnotationConfigEmbeddedWebApplicationContext@616a06e3: startup date [Thu May 03 20:45:22 CST 2018]; parent: org.springframework.boot.context.embedded.AnnotationConfigEmbeddedWebApplicationContext@1c9b0314
2018-05-03 20:45:23.235 [main] INFO  [org.apache.coyote.http11.Http11NioProtocol:179] maincid - Initializing ProtocolHandler ["http-nio-8092"]
2018-05-03 20:45:23.254 [main] INFO  [org.apache.coyote.http11.Http11NioProtocol:179] maincid - Starting ProtocolHandler ["http-nio-8092"]
2018-05-03 20:45:23.267 [main] INFO  [org.apache.tomcat.util.net.NioSelectorPool:179] maincid - Using a shared selector for servlet write/read
2018-05-03 20:45:23.292 [main] INFO  [org.springframework.boot.context.embedded.tomcat.TomcatEmbeddedServletContainer:201] maincid - Tomcat started on port(s): 8092 (http)
2018-05-03 20:45:23.296 [main] INFO  [org.springframework.context.support.DefaultLifecycleProcessor:343] maincid - Starting beans in phase 0
2018-05-03 20:45:23.297 [main] INFO  [org.springframework.boot.actuate.endpoint.jmx.EndpointMBeanExporter:678] maincid - Located managed bean 'auditEventsEndpoint': registering with JMX server as MBean [org.springframework.boot:type=Endpoint,name=auditEventsEndpoint]
2018-05-03 20:45:23.312 [main] INFO  [org.springframework.boot.actuate.endpoint.jmx.EndpointMBeanExporter:678] maincid - Located managed bean 'requestMappingEndpoint': registering with JMX server as MBean [org.springframework.boot:type=Endpoint,name=requestMappingEndpoint]
2018-05-03 20:45:23.319 [main] INFO  [org.springframework.boot.actuate.endpoint.jmx.EndpointMBeanExporter:678] maincid - Located managed bean 'environmentEndpoint': registering with JMX server as MBean [org.springframework.boot:type=Endpoint,name=environmentEndpoint]
2018-05-03 20:45:23.322 [main] INFO  [org.springframework.boot.actuate.endpoint.jmx.EndpointMBeanExporter:678] maincid - Located managed bean 'healthEndpoint': registering with JMX server as MBean [org.springframework.boot:type=Endpoint,name=healthEndpoint]
2018-05-03 20:45:23.324 [main] INFO  [org.springframework.boot.actuate.endpoint.jmx.EndpointMBeanExporter:678] maincid - Located managed bean 'beansEndpoint': registering with JMX server as MBean [org.springframework.boot:type=Endpoint,name=beansEndpoint]
2018-05-03 20:45:23.326 [main] INFO  [org.springframework.boot.actuate.endpoint.jmx.EndpointMBeanExporter:678] maincid - Located managed bean 'infoEndpoint': registering with JMX server as MBean [org.springframework.boot:type=Endpoint,name=infoEndpoint]
2018-05-03 20:45:23.328 [main] INFO  [org.springframework.boot.actuate.endpoint.jmx.EndpointMBeanExporter:678] maincid - Located managed bean 'loggersEndpoint': registering with JMX server as MBean [org.springframework.boot:type=Endpoint,name=loggersEndpoint]
2018-05-03 20:45:23.332 [main] INFO  [org.springframework.boot.actuate.endpoint.jmx.EndpointMBeanExporter:678] maincid - Located managed bean 'metricsEndpoint': registering with JMX server as MBean [org.springframework.boot:type=Endpoint,name=metricsEndpoint]
2018-05-03 20:45:23.334 [main] INFO  [org.springframework.boot.actuate.endpoint.jmx.EndpointMBeanExporter:678] maincid - Located managed bean 'traceEndpoint': registering with JMX server as MBean [org.springframework.boot:type=Endpoint,name=traceEndpoint]
2018-05-03 20:45:23.335 [main] INFO  [org.springframework.boot.actuate.endpoint.jmx.EndpointMBeanExporter:678] maincid - Located managed bean 'dumpEndpoint': registering with JMX server as MBean [org.springframework.boot:type=Endpoint,name=dumpEndpoint]
2018-05-03 20:45:23.337 [main] INFO  [org.springframework.boot.actuate.endpoint.jmx.EndpointMBeanExporter:678] maincid - Located managed bean 'autoConfigurationReportEndpoint': registering with JMX server as MBean [org.springframework.boot:type=Endpoint,name=autoConfigurationReportEndpoint]
2018-05-03 20:45:23.338 [main] INFO  [org.springframework.boot.actuate.endpoint.jmx.EndpointMBeanExporter:678] maincid - Located managed bean 'configurationPropertiesReportEndpoint': registering with JMX server as MBean [org.springframework.boot:type=Endpoint,name=configurationPropertiesReportEndpoint]
2018-05-03 20:45:23.347 [main] INFO  [org.apache.coyote.http11.Http11NioProtocol:179] maincid - Initializing ProtocolHandler ["http-nio-8090"]
2018-05-03 20:45:23.348 [main] INFO  [org.apache.coyote.http11.Http11NioProtocol:179] maincid - Starting ProtocolHandler ["http-nio-8090"]
2018-05-03 20:45:23.348 [main] INFO  [org.apache.tomcat.util.net.NioSelectorPool:179] maincid - Using a shared selector for servlet write/read
2018-05-03 20:45:23.351 [main] INFO  [org.springframework.boot.context.embedded.tomcat.TomcatEmbeddedServletContainer:201] maincid - Tomcat started on port(s): 8090 (http)
2018-05-03 20:45:23.362 [main] INFO  [cn.edu.nju.HouseApplication:57] maincid - Started HouseApplication in 8.69 seconds (JVM running for 12.489)
2018-05-03 20:45:33.880 [registrationTask1] WARN  [de.codecentric.boot.admin.client.registration.ApplicationRegistrator:88] registrationTask1cid - Failed to register application as Application [name=spring-boot-application, managementUrl=http://MicroWin10-109:8092, healthUrl=http://MicroWin10-109:8092/health, serviceUrl=http://MicroWin10-109:8090] at spring-boot-admin ([http://localhost:8070/api/applications]): I/O error on POST request for "http://localhost:8070/api/applications": Connection refused: connect; nested exception is java.net.ConnectException: Connection refused: connect
2018-05-03 20:45:39.393 [registrationTask1] WARN  [de.codecentric.boot.admin.client.registration.ApplicationRegistrator:88] registrationTask1cid - Failed to register application as Application [name=spring-boot-application, managementUrl=http://MicroWin10-109:8092, healthUrl=http://MicroWin10-109:8092/health, serviceUrl=http://MicroWin10-109:8090] at spring-boot-admin ([http://localhost:8070/api/applications]): I/O error on POST request for "http://localhost:8070/api/applications": Connection refused: connect; nested exception is java.net.ConnectException: Connection refused: connect
