2018-05-04 23:19:28.732 [main] INFO  [org.springframework.boot.test.context.SpringBootTestContextBootstrapper:319] maincid - Neither @ContextConfiguration nor @ContextHierarchy found for test class [cn.edu.nju.web.AuthTests], using SpringBootContextLoader
2018-05-04 23:19:28.754 [main] INFO  [org.springframework.test.context.support.AbstractContextLoader:264] maincid - Could not detect default resource locations for test class [cn.edu.nju.web.AuthTests]: no resource found for suffixes {-context.xml, Context.groovy}.
2018-05-04 23:19:28.757 [main] INFO  [org.springframework.test.context.support.AnnotationConfigContextLoaderUtils:81] maincid - Could not detect default configuration classes for test class [cn.edu.nju.web.AuthTests]: AuthTests does not declare any static, non-private, non-final, nested classes annotated with @Configuration.
2018-05-04 23:19:29.247 [main] INFO  [org.springframework.boot.test.context.SpringBootTestContextBootstrapper:206] maincid - Found @SpringBootConfiguration cn.edu.nju.HouseApplication for test class cn.edu.nju.web.AuthTests
2018-05-04 23:19:29.445 [main] INFO  [org.springframework.boot.test.context.SpringBootTestContextBootstrapper:260] maincid - Loaded default TestExecutionListener class names from location [META-INF/spring.factories]: [org.springframework.boot.test.mock.mockito.MockitoTestExecutionListener, org.springframework.boot.test.mock.mockito.ResetMocksTestExecutionListener, org.springframework.boot.test.autoconfigure.restdocs.RestDocsTestExecutionListener, org.springframework.boot.test.autoconfigure.web.client.MockRestServiceServerResetTestExecutionListener, org.springframework.boot.test.autoconfigure.web.servlet.MockMvcPrintOnlyOnFailureTestExecutionListener, org.springframework.boot.test.autoconfigure.web.servlet.WebDriverTestExecutionListener, org.springframework.test.context.web.ServletTestExecutionListener, org.springframework.test.context.support.DirtiesContextBeforeModesTestExecutionListener, org.springframework.test.context.support.DependencyInjectionTestExecutionListener, org.springframework.test.context.support.DirtiesContextTestExecutionListener, org.springframework.test.context.transaction.TransactionalTestExecutionListener, org.springframework.test.context.jdbc.SqlScriptsTestExecutionListener]
2018-05-04 23:19:29.516 [main] INFO  [org.springframework.boot.test.context.SpringBootTestContextBootstrapper:187] maincid - Using TestExecutionListeners: [org.springframework.test.context.web.ServletTestExecutionListener@4bd31064, org.springframework.test.context.support.DirtiesContextBeforeModesTestExecutionListener@e3c0e40, org.springframework.boot.test.autoconfigure.SpringBootDependencyInjectionTestExecutionListener@329dbdbf, org.springframework.test.context.support.DirtiesContextTestExecutionListener@7354b8c5, org.springframework.test.context.transaction.TransactionalTestExecutionListener@20d7d6fb, org.springframework.test.context.jdbc.SqlScriptsTestExecutionListener@4ef782af, org.springframework.boot.test.autoconfigure.web.client.MockRestServiceServerResetTestExecutionListener@11d8ae8b, org.springframework.boot.test.mock.mockito.MockitoTestExecutionListener@479cbee5, org.springframework.boot.test.mock.mockito.ResetMocksTestExecutionListener@59e2d8e3, org.springframework.boot.test.autoconfigure.restdocs.RestDocsTestExecutionListener@2b72cb8a, org.springframework.boot.test.autoconfigure.web.servlet.MockMvcPrintOnlyOnFailureTestExecutionListener@7f8a9499, org.springframework.boot.test.autoconfigure.web.servlet.WebDriverTestExecutionListener@5d43661b]
2018-05-04 23:19:31.356 [main] INFO  [cn.edu.nju.web.AuthTests:48] maincid - Starting AuthTests on DESKTOP-JEF39MA with PID 25308 (started by Thpffcj in E:\GitHub\SpringBoot-Project\RealEstateSingle\house-web)
2018-05-04 23:19:31.357 [main] INFO  [cn.edu.nju.web.AuthTests:593] maincid - No active profile set, falling back to default profiles: default
2018-05-04 23:19:31.496 [main] INFO  [org.springframework.boot.context.embedded.AnnotationConfigEmbeddedWebApplicationContext:583] maincid - Refreshing org.springframework.boot.context.embedded.AnnotationConfigEmbeddedWebApplicationContext@34cdeda2: startup date [Fri May 04 23:19:31 CST 2018]; root of context hierarchy
2018-05-04 23:19:32.404 [background-preinit] INFO  [org.hibernate.validator.internal.util.Version:30] background-preinitcid - HV000001: Hibernate Validator 5.3.5.Final
2018-05-04 23:19:36.753 [main] INFO  [org.springframework.boot.context.embedded.tomcat.TomcatEmbeddedServletContainer:89] maincid - Tomcat initialized with port(s): 8080 (http)
2018-05-04 23:19:36.779 [main] INFO  [org.apache.catalina.core.StandardService:179] maincid - Starting service [Tomcat]
2018-05-04 23:19:36.781 [main] INFO  [org.apache.catalina.core.StandardEngine:179] maincid - Starting Servlet Engine: Apache Tomcat/8.5.20
2018-05-04 23:19:37.030 [localhost-startStop-1] INFO  [org.apache.catalina.core.ContainerBase.[Tomcat].[localhost].[/]:179] localhost-startStop-1cid - Initializing Spring embedded WebApplicationContext
2018-05-04 23:19:37.031 [localhost-startStop-1] INFO  [org.springframework.web.context.ContextLoader:276] localhost-startStop-1cid - Root WebApplicationContext: initialization completed in 5541 ms
2018-05-04 23:19:37.620 [localhost-startStop-1] INFO  [org.springframework.boot.web.servlet.FilterRegistrationBean:258] localhost-startStop-1cid - Mapping filter: 'metricsFilter' to: [/*]
2018-05-04 23:19:37.620 [localhost-startStop-1] INFO  [org.springframework.boot.web.servlet.FilterRegistrationBean:258] localhost-startStop-1cid - Mapping filter: 'characterEncodingFilter' to: [/*]
2018-05-04 23:19:37.621 [localhost-startStop-1] INFO  [org.springframework.boot.web.servlet.FilterRegistrationBean:258] localhost-startStop-1cid - Mapping filter: 'hiddenHttpMethodFilter' to: [/*]
2018-05-04 23:19:37.621 [localhost-startStop-1] INFO  [org.springframework.boot.web.servlet.FilterRegistrationBean:258] localhost-startStop-1cid - Mapping filter: 'httpPutFormContentFilter' to: [/*]
2018-05-04 23:19:37.621 [localhost-startStop-1] INFO  [org.springframework.boot.web.servlet.FilterRegistrationBean:258] localhost-startStop-1cid - Mapping filter: 'requestContextFilter' to: [/*]
2018-05-04 23:19:37.621 [localhost-startStop-1] INFO  [org.springframework.boot.web.servlet.FilterRegistrationBean:258] localhost-startStop-1cid - Mapping filter: 'webRequestLoggingFilter' to: [/*]
2018-05-04 23:19:37.622 [localhost-startStop-1] INFO  [org.springframework.boot.web.servlet.FilterRegistrationBean:271] localhost-startStop-1cid - Mapping filter: 'logFilter' to urls: [*]
2018-05-04 23:19:37.622 [localhost-startStop-1] INFO  [org.springframework.boot.web.servlet.FilterRegistrationBean:258] localhost-startStop-1cid - Mapping filter: 'applicationContextIdFilter' to: [/*]
2018-05-04 23:19:37.622 [localhost-startStop-1] INFO  [org.springframework.boot.web.servlet.ServletRegistrationBean:190] localhost-startStop-1cid - Mapping servlet: 'statViewServlet' to [/druid/*]
2018-05-04 23:19:37.624 [localhost-startStop-1] INFO  [org.springframework.boot.web.servlet.ServletRegistrationBean:190] localhost-startStop-1cid - Mapping servlet: 'dispatcherServlet' to [/]
2018-05-04 23:19:39.925 [main] INFO  [com.alibaba.druid.pool.DruidDataSource:106] maincid - {dataSource-1} inited
2018-05-04 23:19:41.084 [main] INFO  [org.apache.catalina.core.ContainerBase.[Tomcat].[localhost].[/]:179] maincid - jolokia: No access restrictor found, access to any MBean is allowed
2018-05-04 23:19:41.319 [main] INFO  [org.springframework.web.servlet.mvc.method.annotation.RequestMappingHandlerAdapter:534] maincid - Looking for @ControllerAdvice: org.springframework.boot.context.embedded.AnnotationConfigEmbeddedWebApplicationContext@34cdeda2: startup date [Fri May 04 23:19:31 CST 2018]; root of context hierarchy
2018-05-04 23:19:41.495 [main] INFO  [org.springframework.web.servlet.mvc.method.annotation.RequestMappingHandlerMapping:543] maincid - Mapped "{[/index]}" onto public java.lang.String cn.edu.nju.web.controller.HelloController.index()
2018-05-04 23:19:41.497 [main] INFO  [org.springframework.web.servlet.mvc.method.annotation.RequestMappingHandlerMapping:543] maincid - Mapped "{[/hello]}" onto public java.lang.String cn.edu.nju.web.controller.HelloController.hello(org.springframework.ui.ModelMap)
2018-05-04 23:19:41.501 [main] INFO  [org.springframework.web.servlet.mvc.method.annotation.RequestMappingHandlerMapping:543] maincid - Mapped "{[/accounts/profile]}" onto public java.lang.String cn.edu.nju.web.controller.UserController.profile(javax.servlet.http.HttpServletRequest,cn.edu.nju.common.model.User,org.springframework.ui.ModelMap)
2018-05-04 23:19:41.502 [main] INFO  [org.springframework.web.servlet.mvc.method.annotation.RequestMappingHandlerMapping:543] maincid - Mapped "{[/accounts/verify]}" onto public java.lang.String cn.edu.nju.web.controller.UserController.verify(java.lang.String)
2018-05-04 23:19:41.502 [main] INFO  [org.springframework.web.servlet.mvc.method.annotation.RequestMappingHandlerMapping:543] maincid - Mapped "{[/accounts/register]}" onto public java.lang.String cn.edu.nju.web.controller.UserController.accountsRegister(cn.edu.nju.common.model.User,org.springframework.ui.ModelMap)
2018-05-04 23:19:41.504 [main] INFO  [org.springframework.web.servlet.mvc.method.annotation.RequestMappingHandlerMapping:543] maincid - Mapped "{[/accounts/changePassword]}" onto public java.lang.String cn.edu.nju.web.controller.UserController.changePassword(java.lang.String,java.lang.String,java.lang.String,java.lang.String,org.springframework.ui.ModelMap)
2018-05-04 23:19:41.504 [main] INFO  [org.springframework.web.servlet.mvc.method.annotation.RequestMappingHandlerMapping:543] maincid - Mapped "{[/accounts/signin]}" onto public java.lang.String cn.edu.nju.web.controller.UserController.signIn(javax.servlet.http.HttpServletRequest)
2018-05-04 23:19:41.505 [main] INFO  [org.springframework.web.servlet.mvc.method.annotation.RequestMappingHandlerMapping:543] maincid - Mapped "{[/accounts/logout]}" onto public java.lang.String cn.edu.nju.web.controller.UserController.logout(javax.servlet.http.HttpServletRequest)
2018-05-04 23:19:41.508 [main] INFO  [org.springframework.web.servlet.mvc.method.annotation.RequestMappingHandlerMapping:543] maincid - Mapped "{[/error]}" onto public org.springframework.http.ResponseEntity<java.util.Map<java.lang.String, java.lang.Object>> org.springframework.boot.autoconfigure.web.BasicErrorController.error(javax.servlet.http.HttpServletRequest)
2018-05-04 23:19:41.508 [main] INFO  [org.springframework.web.servlet.mvc.method.annotation.RequestMappingHandlerMapping:543] maincid - Mapped "{[/error],produces=[text/html]}" onto public org.springframework.web.servlet.ModelAndView org.springframework.boot.autoconfigure.web.BasicErrorController.errorHtml(javax.servlet.http.HttpServletRequest,javax.servlet.http.HttpServletResponse)
2018-05-04 23:19:41.595 [main] INFO  [org.springframework.web.servlet.handler.SimpleUrlHandlerMapping:362] maincid - Mapped URL path [/webjars/**] onto handler of type [class org.springframework.web.servlet.resource.ResourceHttpRequestHandler]
2018-05-04 23:19:41.595 [main] INFO  [org.springframework.web.servlet.handler.SimpleUrlHandlerMapping:362] maincid - Mapped URL path [/**] onto handler of type [class org.springframework.web.servlet.resource.ResourceHttpRequestHandler]
2018-05-04 23:19:41.633 [main] INFO  [org.springframework.web.servlet.mvc.method.annotation.ExceptionHandlerExceptionResolver:273] maincid - Detected @ExceptionHandler methods in errorHandler
2018-05-04 23:19:41.689 [main] INFO  [org.springframework.web.servlet.handler.SimpleUrlHandlerMapping:362] maincid - Mapped URL path [/**/favicon.ico] onto handler of type [class org.springframework.web.servlet.resource.ResourceHttpRequestHandler]
2018-05-04 23:19:43.076 [main] INFO  [org.springframework.web.servlet.view.freemarker.FreeMarkerConfigurer:127] maincid - ClassTemplateLoader for Spring macros added to FreeMarker configuration
2018-05-04 23:19:43.431 [main] INFO  [org.springframework.boot.context.embedded.AnnotationConfigEmbeddedWebApplicationContext:583] maincid - Refreshing org.springframework.boot.context.embedded.AnnotationConfigEmbeddedWebApplicationContext@111a7973: startup date [Fri May 04 23:19:43 CST 2018]; parent: org.springframework.boot.context.embedded.AnnotationConfigEmbeddedWebApplicationContext@34cdeda2
2018-05-04 23:19:43.548 [main] INFO  [org.springframework.beans.factory.support.DefaultListableBeanFactory:828] maincid - Overriding bean definition for bean 'handlerExceptionResolver' with a different definition: replacing [Root bean: class [null]; scope=; abstract=false; lazyInit=false; autowireMode=3; dependencyCheck=0; autowireCandidate=true; primary=false; factoryBeanName=org.springframework.web.servlet.config.annotation.DelegatingWebMvcConfiguration; factoryMethodName=handlerExceptionResolver; initMethodName=null; destroyMethodName=(inferred); defined in org.springframework.web.servlet.config.annotation.DelegatingWebMvcConfiguration] with [Root bean: class [null]; scope=; abstract=false; lazyInit=false; autowireMode=3; dependencyCheck=0; autowireCandidate=true; primary=false; factoryBeanName=endpointWebMvcChildContextConfiguration; factoryMethodName=compositeHandlerExceptionResolver; initMethodName=null; destroyMethodName=(inferred); defined in org.springframework.boot.actuate.autoconfigure.EndpointWebMvcChildContextConfiguration]
2018-05-04 23:19:43.741 [main] INFO  [org.springframework.boot.context.embedded.tomcat.TomcatEmbeddedServletContainer:89] maincid - Tomcat initialized with port(s): 8092 (http)
2018-05-04 23:19:43.742 [main] INFO  [org.apache.catalina.core.StandardService:179] maincid - Starting service [Tomcat]
2018-05-04 23:19:43.742 [main] INFO  [org.apache.catalina.core.StandardEngine:179] maincid - Starting Servlet Engine: Apache Tomcat/8.5.20
2018-05-04 23:19:43.832 [localhost-startStop-1] INFO  [org.apache.catalina.core.ContainerBase.[Tomcat-1].[localhost].[/]:179] localhost-startStop-1cid - Initializing Spring embedded WebApplicationContext
2018-05-04 23:19:43.832 [localhost-startStop-1] INFO  [org.springframework.web.context.ContextLoader:276] localhost-startStop-1cid - Root WebApplicationContext: initialization completed in 401 ms
2018-05-04 23:19:43.841 [localhost-startStop-1] INFO  [org.springframework.boot.web.servlet.ServletRegistrationBean:190] localhost-startStop-1cid - Mapping servlet: 'dispatcherServlet' to [/]
2018-05-04 23:19:44.071 [main] INFO  [org.springframework.boot.actuate.endpoint.mvc.EndpointHandlerMapping:543] maincid - Mapped "{[/jolokia/**]}" onto public org.springframework.web.servlet.ModelAndView org.springframework.boot.actuate.endpoint.mvc.JolokiaMvcEndpoint.handle(javax.servlet.http.HttpServletRequest,javax.servlet.http.HttpServletResponse) throws java.lang.Exception
2018-05-04 23:19:44.073 [main] INFO  [org.springframework.boot.actuate.endpoint.mvc.EndpointHandlerMapping:543] maincid - Mapped "{[/configprops || /configprops.json],methods=[GET],produces=[application/vnd.spring-boot.actuator.v1+json || application/json]}" onto public java.lang.Object org.springframework.boot.actuate.endpoint.mvc.EndpointMvcAdapter.invoke()
2018-05-04 23:19:44.081 [main] INFO  [org.springframework.boot.actuate.endpoint.mvc.EndpointHandlerMapping:543] maincid - Mapped "{[/metrics/{name:.*}],methods=[GET],produces=[application/vnd.spring-boot.actuator.v1+json || application/json]}" onto public java.lang.Object org.springframework.boot.actuate.endpoint.mvc.MetricsMvcEndpoint.value(java.lang.String)
2018-05-04 23:19:44.082 [main] INFO  [org.springframework.boot.actuate.endpoint.mvc.EndpointHandlerMapping:543] maincid - Mapped "{[/metrics || /metrics.json],methods=[GET],produces=[application/vnd.spring-boot.actuator.v1+json || application/json]}" onto public java.lang.Object org.springframework.boot.actuate.endpoint.mvc.EndpointMvcAdapter.invoke()
2018-05-04 23:19:44.083 [main] INFO  [org.springframework.boot.actuate.endpoint.mvc.EndpointHandlerMapping:543] maincid - Mapped "{[/mappings || /mappings.json],methods=[GET],produces=[application/vnd.spring-boot.actuator.v1+json || application/json]}" onto public java.lang.Object org.springframework.boot.actuate.endpoint.mvc.EndpointMvcAdapter.invoke()
2018-05-04 23:19:44.085 [main] INFO  [org.springframework.boot.actuate.endpoint.mvc.EndpointHandlerMapping:543] maincid - Mapped "{[/autoconfig || /autoconfig.json],methods=[GET],produces=[application/vnd.spring-boot.actuator.v1+json || application/json]}" onto public java.lang.Object org.springframework.boot.actuate.endpoint.mvc.EndpointMvcAdapter.invoke()
2018-05-04 23:19:44.090 [main] INFO  [org.springframework.boot.actuate.endpoint.mvc.EndpointHandlerMapping:543] maincid - Mapped "{[/loggers/{name:.*}],methods=[GET],produces=[application/vnd.spring-boot.actuator.v1+json || application/json]}" onto public java.lang.Object org.springframework.boot.actuate.endpoint.mvc.LoggersMvcEndpoint.get(java.lang.String)
2018-05-04 23:19:44.091 [main] INFO  [org.springframework.boot.actuate.endpoint.mvc.EndpointHandlerMapping:543] maincid - Mapped "{[/loggers/{name:.*}],methods=[POST],consumes=[application/vnd.spring-boot.actuator.v1+json || application/json],produces=[application/vnd.spring-boot.actuator.v1+json || application/json]}" onto public java.lang.Object org.springframework.boot.actuate.endpoint.mvc.LoggersMvcEndpoint.set(java.lang.String,java.util.Map<java.lang.String, java.lang.String>)
2018-05-04 23:19:44.092 [main] INFO  [org.springframework.boot.actuate.endpoint.mvc.EndpointHandlerMapping:543] maincid - Mapped "{[/loggers || /loggers.json],methods=[GET],produces=[application/vnd.spring-boot.actuator.v1+json || application/json]}" onto public java.lang.Object org.springframework.boot.actuate.endpoint.mvc.EndpointMvcAdapter.invoke()
2018-05-04 23:19:44.098 [main] INFO  [org.springframework.boot.actuate.endpoint.mvc.EndpointHandlerMapping:543] maincid - Mapped "{[/beans || /beans.json],methods=[GET],produces=[application/vnd.spring-boot.actuator.v1+json || application/json]}" onto public java.lang.Object org.springframework.boot.actuate.endpoint.mvc.EndpointMvcAdapter.invoke()
2018-05-04 23:19:44.100 [main] INFO  [org.springframework.boot.actuate.endpoint.mvc.EndpointHandlerMapping:543] maincid - Mapped "{[/heapdump || /heapdump.json],methods=[GET],produces=[application/octet-stream]}" onto public void org.springframework.boot.actuate.endpoint.mvc.HeapdumpMvcEndpoint.invoke(boolean,javax.servlet.http.HttpServletRequest,javax.servlet.http.HttpServletResponse) throws java.io.IOException,javax.servlet.ServletException
2018-05-04 23:19:44.103 [main] INFO  [org.springframework.boot.actuate.endpoint.mvc.EndpointHandlerMapping:543] maincid - Mapped "{[/health || /health.json],methods=[GET],produces=[application/vnd.spring-boot.actuator.v1+json || application/json]}" onto public java.lang.Object org.springframework.boot.actuate.endpoint.mvc.HealthMvcEndpoint.invoke(javax.servlet.http.HttpServletRequest,java.security.Principal)
2018-05-04 23:19:44.106 [main] INFO  [org.springframework.boot.actuate.endpoint.mvc.EndpointHandlerMapping:543] maincid - Mapped "{[/env/{name:.*}],methods=[GET],produces=[application/vnd.spring-boot.actuator.v1+json || application/json]}" onto public java.lang.Object org.springframework.boot.actuate.endpoint.mvc.EnvironmentMvcEndpoint.value(java.lang.String)
2018-05-04 23:19:44.107 [main] INFO  [org.springframework.boot.actuate.endpoint.mvc.EndpointHandlerMapping:543] maincid - Mapped "{[/env || /env.json],methods=[GET],produces=[application/vnd.spring-boot.actuator.v1+json || application/json]}" onto public java.lang.Object org.springframework.boot.actuate.endpoint.mvc.EndpointMvcAdapter.invoke()
2018-05-04 23:19:44.110 [main] INFO  [org.springframework.boot.actuate.endpoint.mvc.EndpointHandlerMapping:543] maincid - Mapped "{[/trace || /trace.json],methods=[GET],produces=[application/vnd.spring-boot.actuator.v1+json || application/json]}" onto public java.lang.Object org.springframework.boot.actuate.endpoint.mvc.EndpointMvcAdapter.invoke()
2018-05-04 23:19:44.112 [main] INFO  [org.springframework.boot.actuate.endpoint.mvc.EndpointHandlerMapping:543] maincid - Mapped "{[/auditevents || /auditevents.json],methods=[GET],produces=[application/vnd.spring-boot.actuator.v1+json || application/json]}" onto public org.springframework.http.ResponseEntity<?> org.springframework.boot.actuate.endpoint.mvc.AuditEventsMvcEndpoint.findByPrincipalAndAfterAndType(java.lang.String,java.util.Date,java.lang.String)
2018-05-04 23:19:44.118 [main] INFO  [org.springframework.boot.actuate.endpoint.mvc.EndpointHandlerMapping:543] maincid - Mapped "{[/dump || /dump.json],methods=[GET],produces=[application/vnd.spring-boot.actuator.v1+json || application/json]}" onto public java.lang.Object org.springframework.boot.actuate.endpoint.mvc.EndpointMvcAdapter.invoke()
2018-05-04 23:19:44.120 [main] INFO  [org.springframework.boot.actuate.endpoint.mvc.EndpointHandlerMapping:543] maincid - Mapped "{[/info || /info.json],methods=[GET],produces=[application/vnd.spring-boot.actuator.v1+json || application/json]}" onto public java.lang.Object org.springframework.boot.actuate.endpoint.mvc.EndpointMvcAdapter.invoke()
2018-05-04 23:19:44.157 [main] INFO  [org.springframework.web.servlet.mvc.method.annotation.RequestMappingHandlerMapping:543] maincid - Mapped "{[/error]}" onto public java.util.Map<java.lang.String, java.lang.Object> org.springframework.boot.actuate.endpoint.mvc.ManagementErrorEndpoint.invoke()
2018-05-04 23:19:44.180 [main] INFO  [org.springframework.web.servlet.handler.SimpleUrlHandlerMapping:362] maincid - Mapped URL path [/webjars/**] onto handler of type [class org.springframework.web.servlet.resource.ResourceHttpRequestHandler]
2018-05-04 23:19:44.180 [main] INFO  [org.springframework.web.servlet.handler.SimpleUrlHandlerMapping:362] maincid - Mapped URL path [/**] onto handler of type [class org.springframework.web.servlet.resource.ResourceHttpRequestHandler]
2018-05-04 23:19:44.214 [main] INFO  [org.springframework.web.servlet.mvc.method.annotation.RequestMappingHandlerAdapter:534] maincid - Looking for @ControllerAdvice: org.springframework.boot.context.embedded.AnnotationConfigEmbeddedWebApplicationContext@111a7973: startup date [Fri May 04 23:19:43 CST 2018]; parent: org.springframework.boot.context.embedded.AnnotationConfigEmbeddedWebApplicationContext@34cdeda2
2018-05-04 23:19:44.293 [main] INFO  [org.apache.coyote.http11.Http11NioProtocol:179] maincid - Initializing ProtocolHandler ["http-nio-8092"]
2018-05-04 23:19:44.330 [main] INFO  [org.apache.coyote.http11.Http11NioProtocol:179] maincid - Starting ProtocolHandler ["http-nio-8092"]
2018-05-04 23:19:44.354 [main] INFO  [org.apache.tomcat.util.net.NioSelectorPool:179] maincid - Using a shared selector for servlet write/read
2018-05-04 23:19:44.395 [main] INFO  [org.springframework.boot.context.embedded.tomcat.TomcatEmbeddedServletContainer:201] maincid - Tomcat started on port(s): 8092 (http)
2018-05-04 23:19:44.420 [main] INFO  [org.apache.coyote.http11.Http11NioProtocol:179] maincid - Initializing ProtocolHandler ["http-nio-8080"]
2018-05-04 23:19:44.421 [main] INFO  [org.apache.coyote.http11.Http11NioProtocol:179] maincid - Starting ProtocolHandler ["http-nio-8080"]
2018-05-04 23:19:44.425 [main] INFO  [org.apache.tomcat.util.net.NioSelectorPool:179] maincid - Using a shared selector for servlet write/read
2018-05-04 23:19:44.442 [main] INFO  [org.springframework.boot.context.embedded.tomcat.TomcatEmbeddedServletContainer:201] maincid - Tomcat started on port(s): 8080 (http)
2018-05-04 23:19:44.448 [main] INFO  [cn.edu.nju.web.AuthTests:57] maincid - Started AuthTests in 14.559 seconds (JVM running for 19.643)
2018-05-04 23:19:45.427 [Thread-4] INFO  [org.springframework.boot.context.embedded.AnnotationConfigEmbeddedWebApplicationContext:984] Thread-4cid - Closing org.springframework.boot.context.embedded.AnnotationConfigEmbeddedWebApplicationContext@34cdeda2: startup date [Fri May 04 23:19:31 CST 2018]; root of context hierarchy
2018-05-04 23:19:45.428 [Thread-4] INFO  [org.springframework.boot.context.embedded.AnnotationConfigEmbeddedWebApplicationContext:984] Thread-4cid - Closing org.springframework.boot.context.embedded.AnnotationConfigEmbeddedWebApplicationContext@111a7973: startup date [Fri May 04 23:19:43 CST 2018]; parent: org.springframework.boot.context.embedded.AnnotationConfigEmbeddedWebApplicationContext@34cdeda2
2018-05-04 23:20:07.946 [main] INFO  [org.springframework.boot.test.context.SpringBootTestContextBootstrapper:319] maincid - Neither @ContextConfiguration nor @ContextHierarchy found for test class [cn.edu.nju.web.AuthTests], using SpringBootContextLoader
2018-05-04 23:20:08.034 [main] INFO  [org.springframework.test.context.support.AbstractContextLoader:264] maincid - Could not detect default resource locations for test class [cn.edu.nju.web.AuthTests]: no resource found for suffixes {-context.xml, Context.groovy}.
2018-05-04 23:20:08.038 [main] INFO  [org.springframework.test.context.support.AnnotationConfigContextLoaderUtils:81] maincid - Could not detect default configuration classes for test class [cn.edu.nju.web.AuthTests]: AuthTests does not declare any static, non-private, non-final, nested classes annotated with @Configuration.
2018-05-04 23:20:08.466 [main] INFO  [org.springframework.boot.test.context.SpringBootTestContextBootstrapper:206] maincid - Found @SpringBootConfiguration cn.edu.nju.HouseApplication for test class cn.edu.nju.web.AuthTests
2018-05-04 23:20:08.483 [main] INFO  [org.springframework.boot.test.context.SpringBootTestContextBootstrapper:260] maincid - Loaded default TestExecutionListener class names from location [META-INF/spring.factories]: [org.springframework.boot.test.mock.mockito.MockitoTestExecutionListener, org.springframework.boot.test.mock.mockito.ResetMocksTestExecutionListener, org.springframework.boot.test.autoconfigure.restdocs.RestDocsTestExecutionListener, org.springframework.boot.test.autoconfigure.web.client.MockRestServiceServerResetTestExecutionListener, org.springframework.boot.test.autoconfigure.web.servlet.MockMvcPrintOnlyOnFailureTestExecutionListener, org.springframework.boot.test.autoconfigure.web.servlet.WebDriverTestExecutionListener, org.springframework.test.context.web.ServletTestExecutionListener, org.springframework.test.context.support.DirtiesContextBeforeModesTestExecutionListener, org.springframework.test.context.support.DependencyInjectionTestExecutionListener, org.springframework.test.context.support.DirtiesContextTestExecutionListener, org.springframework.test.context.transaction.TransactionalTestExecutionListener, org.springframework.test.context.jdbc.SqlScriptsTestExecutionListener]
2018-05-04 23:20:08.566 [main] INFO  [org.springframework.boot.test.context.SpringBootTestContextBootstrapper:187] maincid - Using TestExecutionListeners: [org.springframework.test.context.web.ServletTestExecutionListener@14a50707, org.springframework.test.context.support.DirtiesContextBeforeModesTestExecutionListener@4d518b32, org.springframework.boot.test.autoconfigure.SpringBootDependencyInjectionTestExecutionListener@4bd31064, org.springframework.test.context.support.DirtiesContextTestExecutionListener@e3c0e40, org.springframework.test.context.transaction.TransactionalTestExecutionListener@329dbdbf, org.springframework.test.context.jdbc.SqlScriptsTestExecutionListener@7354b8c5, org.springframework.boot.test.autoconfigure.restdocs.RestDocsTestExecutionListener@20d7d6fb, org.springframework.boot.test.autoconfigure.web.servlet.WebDriverTestExecutionListener@4ef782af, org.springframework.boot.test.autoconfigure.web.client.MockRestServiceServerResetTestExecutionListener@11d8ae8b, org.springframework.boot.test.autoconfigure.web.servlet.MockMvcPrintOnlyOnFailureTestExecutionListener@479cbee5, org.springframework.boot.test.mock.mockito.ResetMocksTestExecutionListener@59e2d8e3, org.springframework.boot.test.mock.mockito.MockitoTestExecutionListener@2b72cb8a]
2018-05-04 23:20:10.168 [main] INFO  [cn.edu.nju.web.AuthTests:48] maincid - Starting AuthTests on DESKTOP-JEF39MA with PID 29268 (started by Thpffcj in E:\GitHub\SpringBoot-Project\RealEstateSingle\house-web)
2018-05-04 23:20:10.168 [main] INFO  [cn.edu.nju.web.AuthTests:593] maincid - No active profile set, falling back to default profiles: default
2018-05-04 23:20:10.249 [main] INFO  [org.springframework.boot.context.embedded.AnnotationConfigEmbeddedWebApplicationContext:583] maincid - Refreshing org.springframework.boot.context.embedded.AnnotationConfigEmbeddedWebApplicationContext@10b9db7b: startup date [Fri May 04 23:20:10 CST 2018]; root of context hierarchy
2018-05-04 23:20:11.280 [background-preinit] INFO  [org.hibernate.validator.internal.util.Version:30] background-preinitcid - HV000001: Hibernate Validator 5.3.5.Final
2018-05-04 23:20:15.855 [main] INFO  [org.springframework.boot.context.embedded.tomcat.TomcatEmbeddedServletContainer:89] maincid - Tomcat initialized with port(s): 8080 (http)
2018-05-04 23:20:15.886 [main] INFO  [org.apache.catalina.core.StandardService:179] maincid - Starting service [Tomcat]
2018-05-04 23:20:15.889 [main] INFO  [org.apache.catalina.core.StandardEngine:179] maincid - Starting Servlet Engine: Apache Tomcat/8.5.20
2018-05-04 23:20:16.212 [localhost-startStop-1] INFO  [org.apache.catalina.core.ContainerBase.[Tomcat].[localhost].[/]:179] localhost-startStop-1cid - Initializing Spring embedded WebApplicationContext
2018-05-04 23:20:16.213 [localhost-startStop-1] INFO  [org.springframework.web.context.ContextLoader:276] localhost-startStop-1cid - Root WebApplicationContext: initialization completed in 5970 ms
2018-05-04 23:20:17.426 [localhost-startStop-1] INFO  [org.springframework.boot.web.servlet.FilterRegistrationBean:258] localhost-startStop-1cid - Mapping filter: 'metricsFilter' to: [/*]
2018-05-04 23:20:17.427 [localhost-startStop-1] INFO  [org.springframework.boot.web.servlet.FilterRegistrationBean:258] localhost-startStop-1cid - Mapping filter: 'characterEncodingFilter' to: [/*]
2018-05-04 23:20:17.427 [localhost-startStop-1] INFO  [org.springframework.boot.web.servlet.FilterRegistrationBean:258] localhost-startStop-1cid - Mapping filter: 'hiddenHttpMethodFilter' to: [/*]
2018-05-04 23:20:17.427 [localhost-startStop-1] INFO  [org.springframework.boot.web.servlet.FilterRegistrationBean:258] localhost-startStop-1cid - Mapping filter: 'httpPutFormContentFilter' to: [/*]
2018-05-04 23:20:17.428 [localhost-startStop-1] INFO  [org.springframework.boot.web.servlet.FilterRegistrationBean:258] localhost-startStop-1cid - Mapping filter: 'requestContextFilter' to: [/*]
2018-05-04 23:20:17.428 [localhost-startStop-1] INFO  [org.springframework.boot.web.servlet.FilterRegistrationBean:258] localhost-startStop-1cid - Mapping filter: 'webRequestLoggingFilter' to: [/*]
2018-05-04 23:20:17.429 [localhost-startStop-1] INFO  [org.springframework.boot.web.servlet.FilterRegistrationBean:271] localhost-startStop-1cid - Mapping filter: 'logFilter' to urls: [*]
2018-05-04 23:20:17.430 [localhost-startStop-1] INFO  [org.springframework.boot.web.servlet.FilterRegistrationBean:258] localhost-startStop-1cid - Mapping filter: 'applicationContextIdFilter' to: [/*]
2018-05-04 23:20:17.434 [localhost-startStop-1] INFO  [org.springframework.boot.web.servlet.ServletRegistrationBean:190] localhost-startStop-1cid - Mapping servlet: 'statViewServlet' to [/druid/*]
2018-05-04 23:20:17.436 [localhost-startStop-1] INFO  [org.springframework.boot.web.servlet.ServletRegistrationBean:190] localhost-startStop-1cid - Mapping servlet: 'dispatcherServlet' to [/]
2018-05-04 23:20:20.093 [main] INFO  [com.alibaba.druid.pool.DruidDataSource:106] maincid - {dataSource-1} inited
2018-05-04 23:20:21.395 [main] INFO  [org.apache.catalina.core.ContainerBase.[Tomcat].[localhost].[/]:179] maincid - jolokia: No access restrictor found, access to any MBean is allowed
2018-05-04 23:20:21.679 [main] INFO  [org.springframework.web.servlet.mvc.method.annotation.RequestMappingHandlerAdapter:534] maincid - Looking for @ControllerAdvice: org.springframework.boot.context.embedded.AnnotationConfigEmbeddedWebApplicationContext@10b9db7b: startup date [Fri May 04 23:20:10 CST 2018]; root of context hierarchy
2018-05-04 23:20:21.919 [main] INFO  [org.springframework.web.servlet.mvc.method.annotation.RequestMappingHandlerMapping:543] maincid - Mapped "{[/index]}" onto public java.lang.String cn.edu.nju.web.controller.HelloController.index()
2018-05-04 23:20:21.922 [main] INFO  [org.springframework.web.servlet.mvc.method.annotation.RequestMappingHandlerMapping:543] maincid - Mapped "{[/hello]}" onto public java.lang.String cn.edu.nju.web.controller.HelloController.hello(org.springframework.ui.ModelMap)
2018-05-04 23:20:21.923 [main] INFO  [org.springframework.web.servlet.mvc.method.annotation.RequestMappingHandlerMapping:543] maincid - Mapped "{[/accounts/profile]}" onto public java.lang.String cn.edu.nju.web.controller.UserController.profile(javax.servlet.http.HttpServletRequest,cn.edu.nju.common.model.User,org.springframework.ui.ModelMap)
2018-05-04 23:20:21.924 [main] INFO  [org.springframework.web.servlet.mvc.method.annotation.RequestMappingHandlerMapping:543] maincid - Mapped "{[/accounts/verify]}" onto public java.lang.String cn.edu.nju.web.controller.UserController.verify(java.lang.String)
2018-05-04 23:20:21.924 [main] INFO  [org.springframework.web.servlet.mvc.method.annotation.RequestMappingHandlerMapping:543] maincid - Mapped "{[/accounts/register]}" onto public java.lang.String cn.edu.nju.web.controller.UserController.accountsRegister(cn.edu.nju.common.model.User,org.springframework.ui.ModelMap)
2018-05-04 23:20:21.924 [main] INFO  [org.springframework.web.servlet.mvc.method.annotation.RequestMappingHandlerMapping:543] maincid - Mapped "{[/accounts/changePassword]}" onto public java.lang.String cn.edu.nju.web.controller.UserController.changePassword(java.lang.String,java.lang.String,java.lang.String,java.lang.String,org.springframework.ui.ModelMap)
2018-05-04 23:20:21.925 [main] INFO  [org.springframework.web.servlet.mvc.method.annotation.RequestMappingHandlerMapping:543] maincid - Mapped "{[/accounts/signin]}" onto public java.lang.String cn.edu.nju.web.controller.UserController.signIn(javax.servlet.http.HttpServletRequest)
2018-05-04 23:20:21.925 [main] INFO  [org.springframework.web.servlet.mvc.method.annotation.RequestMappingHandlerMapping:543] maincid - Mapped "{[/accounts/logout]}" onto public java.lang.String cn.edu.nju.web.controller.UserController.logout(javax.servlet.http.HttpServletRequest)
2018-05-04 23:20:21.929 [main] INFO  [org.springframework.web.servlet.mvc.method.annotation.RequestMappingHandlerMapping:543] maincid - Mapped "{[/error]}" onto public org.springframework.http.ResponseEntity<java.util.Map<java.lang.String, java.lang.Object>> org.springframework.boot.autoconfigure.web.BasicErrorController.error(javax.servlet.http.HttpServletRequest)
2018-05-04 23:20:21.957 [main] INFO  [org.springframework.web.servlet.mvc.method.annotation.RequestMappingHandlerMapping:543] maincid - Mapped "{[/error],produces=[text/html]}" onto public org.springframework.web.servlet.ModelAndView org.springframework.boot.autoconfigure.web.BasicErrorController.errorHtml(javax.servlet.http.HttpServletRequest,javax.servlet.http.HttpServletResponse)
2018-05-04 23:20:22.078 [main] INFO  [org.springframework.web.servlet.handler.SimpleUrlHandlerMapping:362] maincid - Mapped URL path [/webjars/**] onto handler of type [class org.springframework.web.servlet.resource.ResourceHttpRequestHandler]
2018-05-04 23:20:22.078 [main] INFO  [org.springframework.web.servlet.handler.SimpleUrlHandlerMapping:362] maincid - Mapped URL path [/**] onto handler of type [class org.springframework.web.servlet.resource.ResourceHttpRequestHandler]
2018-05-04 23:20:22.121 [main] INFO  [org.springframework.web.servlet.mvc.method.annotation.ExceptionHandlerExceptionResolver:273] maincid - Detected @ExceptionHandler methods in errorHandler
2018-05-04 23:20:22.193 [main] INFO  [org.springframework.web.servlet.handler.SimpleUrlHandlerMapping:362] maincid - Mapped URL path [/**/favicon.ico] onto handler of type [class org.springframework.web.servlet.resource.ResourceHttpRequestHandler]
2018-05-04 23:20:23.126 [main] INFO  [org.springframework.web.servlet.view.freemarker.FreeMarkerConfigurer:127] maincid - ClassTemplateLoader for Spring macros added to FreeMarker configuration
2018-05-04 23:20:23.705 [main] INFO  [org.springframework.boot.context.embedded.AnnotationConfigEmbeddedWebApplicationContext:583] maincid - Refreshing org.springframework.boot.context.embedded.AnnotationConfigEmbeddedWebApplicationContext@10e9a5fe: startup date [Fri May 04 23:20:23 CST 2018]; parent: org.springframework.boot.context.embedded.AnnotationConfigEmbeddedWebApplicationContext@10b9db7b
2018-05-04 23:20:23.873 [main] INFO  [org.springframework.beans.factory.support.DefaultListableBeanFactory:828] maincid - Overriding bean definition for bean 'handlerExceptionResolver' with a different definition: replacing [Root bean: class [null]; scope=; abstract=false; lazyInit=false; autowireMode=3; dependencyCheck=0; autowireCandidate=true; primary=false; factoryBeanName=org.springframework.web.servlet.config.annotation.DelegatingWebMvcConfiguration; factoryMethodName=handlerExceptionResolver; initMethodName=null; destroyMethodName=(inferred); defined in org.springframework.web.servlet.config.annotation.DelegatingWebMvcConfiguration] with [Root bean: class [null]; scope=; abstract=false; lazyInit=false; autowireMode=3; dependencyCheck=0; autowireCandidate=true; primary=false; factoryBeanName=endpointWebMvcChildContextConfiguration; factoryMethodName=compositeHandlerExceptionResolver; initMethodName=null; destroyMethodName=(inferred); defined in org.springframework.boot.actuate.autoconfigure.EndpointWebMvcChildContextConfiguration]
2018-05-04 23:20:24.220 [main] INFO  [org.springframework.boot.context.embedded.tomcat.TomcatEmbeddedServletContainer:89] maincid - Tomcat initialized with port(s): 8092 (http)
2018-05-04 23:20:24.221 [main] INFO  [org.apache.catalina.core.StandardService:179] maincid - Starting service [Tomcat]
2018-05-04 23:20:24.222 [main] INFO  [org.apache.catalina.core.StandardEngine:179] maincid - Starting Servlet Engine: Apache Tomcat/8.5.20
2018-05-04 23:20:24.307 [localhost-startStop-1] INFO  [org.apache.catalina.core.ContainerBase.[Tomcat-1].[localhost].[/]:179] localhost-startStop-1cid - Initializing Spring embedded WebApplicationContext
2018-05-04 23:20:24.307 [localhost-startStop-1] INFO  [org.springframework.web.context.ContextLoader:276] localhost-startStop-1cid - Root WebApplicationContext: initialization completed in 602 ms
2018-05-04 23:20:24.317 [localhost-startStop-1] INFO  [org.springframework.boot.web.servlet.ServletRegistrationBean:190] localhost-startStop-1cid - Mapping servlet: 'dispatcherServlet' to [/]
2018-05-04 23:20:24.663 [main] INFO  [org.springframework.boot.actuate.endpoint.mvc.EndpointHandlerMapping:543] maincid - Mapped "{[/autoconfig || /autoconfig.json],methods=[GET],produces=[application/vnd.spring-boot.actuator.v1+json || application/json]}" onto public java.lang.Object org.springframework.boot.actuate.endpoint.mvc.EndpointMvcAdapter.invoke()
2018-05-04 23:20:24.668 [main] INFO  [org.springframework.boot.actuate.endpoint.mvc.EndpointHandlerMapping:543] maincid - Mapped "{[/metrics/{name:.*}],methods=[GET],produces=[application/vnd.spring-boot.actuator.v1+json || application/json]}" onto public java.lang.Object org.springframework.boot.actuate.endpoint.mvc.MetricsMvcEndpoint.value(java.lang.String)
2018-05-04 23:20:24.672 [main] INFO  [org.springframework.boot.actuate.endpoint.mvc.EndpointHandlerMapping:543] maincid - Mapped "{[/metrics || /metrics.json],methods=[GET],produces=[application/vnd.spring-boot.actuator.v1+json || application/json]}" onto public java.lang.Object org.springframework.boot.actuate.endpoint.mvc.EndpointMvcAdapter.invoke()
2018-05-04 23:20:24.675 [main] INFO  [org.springframework.boot.actuate.endpoint.mvc.EndpointHandlerMapping:543] maincid - Mapped "{[/auditevents || /auditevents.json],methods=[GET],produces=[application/vnd.spring-boot.actuator.v1+json || application/json]}" onto public org.springframework.http.ResponseEntity<?> org.springframework.boot.actuate.endpoint.mvc.AuditEventsMvcEndpoint.findByPrincipalAndAfterAndType(java.lang.String,java.util.Date,java.lang.String)
2018-05-04 23:20:24.676 [main] INFO  [org.springframework.boot.actuate.endpoint.mvc.EndpointHandlerMapping:543] maincid - Mapped "{[/beans || /beans.json],methods=[GET],produces=[application/vnd.spring-boot.actuator.v1+json || application/json]}" onto public java.lang.Object org.springframework.boot.actuate.endpoint.mvc.EndpointMvcAdapter.invoke()
2018-05-04 23:20:24.678 [main] INFO  [org.springframework.boot.actuate.endpoint.mvc.EndpointHandlerMapping:543] maincid - Mapped "{[/trace || /trace.json],methods=[GET],produces=[application/vnd.spring-boot.actuator.v1+json || application/json]}" onto public java.lang.Object org.springframework.boot.actuate.endpoint.mvc.EndpointMvcAdapter.invoke()
2018-05-04 23:20:24.685 [main] INFO  [org.springframework.boot.actuate.endpoint.mvc.EndpointHandlerMapping:543] maincid - Mapped "{[/dump || /dump.json],methods=[GET],produces=[application/vnd.spring-boot.actuator.v1+json || application/json]}" onto public java.lang.Object org.springframework.boot.actuate.endpoint.mvc.EndpointMvcAdapter.invoke()
2018-05-04 23:20:24.686 [main] INFO  [org.springframework.boot.actuate.endpoint.mvc.EndpointHandlerMapping:543] maincid - Mapped "{[/heapdump || /heapdump.json],methods=[GET],produces=[application/octet-stream]}" onto public void org.springframework.boot.actuate.endpoint.mvc.HeapdumpMvcEndpoint.invoke(boolean,javax.servlet.http.HttpServletRequest,javax.servlet.http.HttpServletResponse) throws java.io.IOException,javax.servlet.ServletException
2018-05-04 23:20:24.690 [main] INFO  [org.springframework.boot.actuate.endpoint.mvc.EndpointHandlerMapping:543] maincid - Mapped "{[/health || /health.json],methods=[GET],produces=[application/vnd.spring-boot.actuator.v1+json || application/json]}" onto public java.lang.Object org.springframework.boot.actuate.endpoint.mvc.HealthMvcEndpoint.invoke(javax.servlet.http.HttpServletRequest,java.security.Principal)
2018-05-04 23:20:24.693 [main] INFO  [org.springframework.boot.actuate.endpoint.mvc.EndpointHandlerMapping:543] maincid - Mapped "{[/jolokia/**]}" onto public org.springframework.web.servlet.ModelAndView org.springframework.boot.actuate.endpoint.mvc.JolokiaMvcEndpoint.handle(javax.servlet.http.HttpServletRequest,javax.servlet.http.HttpServletResponse) throws java.lang.Exception
2018-05-04 23:20:24.705 [main] INFO  [org.springframework.boot.actuate.endpoint.mvc.EndpointHandlerMapping:543] maincid - Mapped "{[/loggers/{name:.*}],methods=[GET],produces=[application/vnd.spring-boot.actuator.v1+json || application/json]}" onto public java.lang.Object org.springframework.boot.actuate.endpoint.mvc.LoggersMvcEndpoint.get(java.lang.String)
2018-05-04 23:20:24.708 [main] INFO  [org.springframework.boot.actuate.endpoint.mvc.EndpointHandlerMapping:543] maincid - Mapped "{[/loggers/{name:.*}],methods=[POST],consumes=[application/vnd.spring-boot.actuator.v1+json || application/json],produces=[application/vnd.spring-boot.actuator.v1+json || application/json]}" onto public java.lang.Object org.springframework.boot.actuate.endpoint.mvc.LoggersMvcEndpoint.set(java.lang.String,java.util.Map<java.lang.String, java.lang.String>)
2018-05-04 23:20:24.708 [main] INFO  [org.springframework.boot.actuate.endpoint.mvc.EndpointHandlerMapping:543] maincid - Mapped "{[/loggers || /loggers.json],methods=[GET],produces=[application/vnd.spring-boot.actuator.v1+json || application/json]}" onto public java.lang.Object org.springframework.boot.actuate.endpoint.mvc.EndpointMvcAdapter.invoke()
2018-05-04 23:20:24.710 [main] INFO  [org.springframework.boot.actuate.endpoint.mvc.EndpointHandlerMapping:543] maincid - Mapped "{[/info || /info.json],methods=[GET],produces=[application/vnd.spring-boot.actuator.v1+json || application/json]}" onto public java.lang.Object org.springframework.boot.actuate.endpoint.mvc.EndpointMvcAdapter.invoke()
2018-05-04 23:20:24.714 [main] INFO  [org.springframework.boot.actuate.endpoint.mvc.EndpointHandlerMapping:543] maincid - Mapped "{[/configprops || /configprops.json],methods=[GET],produces=[application/vnd.spring-boot.actuator.v1+json || application/json]}" onto public java.lang.Object org.springframework.boot.actuate.endpoint.mvc.EndpointMvcAdapter.invoke()
2018-05-04 23:20:24.723 [main] INFO  [org.springframework.boot.actuate.endpoint.mvc.EndpointHandlerMapping:543] maincid - Mapped "{[/mappings || /mappings.json],methods=[GET],produces=[application/vnd.spring-boot.actuator.v1+json || application/json]}" onto public java.lang.Object org.springframework.boot.actuate.endpoint.mvc.EndpointMvcAdapter.invoke()
2018-05-04 23:20:24.725 [main] INFO  [org.springframework.boot.actuate.endpoint.mvc.EndpointHandlerMapping:543] maincid - Mapped "{[/env/{name:.*}],methods=[GET],produces=[application/vnd.spring-boot.actuator.v1+json || application/json]}" onto public java.lang.Object org.springframework.boot.actuate.endpoint.mvc.EnvironmentMvcEndpoint.value(java.lang.String)
2018-05-04 23:20:24.726 [main] INFO  [org.springframework.boot.actuate.endpoint.mvc.EndpointHandlerMapping:543] maincid - Mapped "{[/env || /env.json],methods=[GET],produces=[application/vnd.spring-boot.actuator.v1+json || application/json]}" onto public java.lang.Object org.springframework.boot.actuate.endpoint.mvc.EndpointMvcAdapter.invoke()
2018-05-04 23:20:24.803 [main] INFO  [org.springframework.web.servlet.mvc.method.annotation.RequestMappingHandlerMapping:543] maincid - Mapped "{[/error]}" onto public java.util.Map<java.lang.String, java.lang.Object> org.springframework.boot.actuate.endpoint.mvc.ManagementErrorEndpoint.invoke()
2018-05-04 23:20:24.850 [main] INFO  [org.springframework.web.servlet.handler.SimpleUrlHandlerMapping:362] maincid - Mapped URL path [/webjars/**] onto handler of type [class org.springframework.web.servlet.resource.ResourceHttpRequestHandler]
2018-05-04 23:20:24.851 [main] INFO  [org.springframework.web.servlet.handler.SimpleUrlHandlerMapping:362] maincid - Mapped URL path [/**] onto handler of type [class org.springframework.web.servlet.resource.ResourceHttpRequestHandler]
2018-05-04 23:20:24.984 [main] INFO  [org.springframework.web.servlet.mvc.method.annotation.RequestMappingHandlerAdapter:534] maincid - Looking for @ControllerAdvice: org.springframework.boot.context.embedded.AnnotationConfigEmbeddedWebApplicationContext@10e9a5fe: startup date [Fri May 04 23:20:23 CST 2018]; parent: org.springframework.boot.context.embedded.AnnotationConfigEmbeddedWebApplicationContext@10b9db7b
2018-05-04 23:20:25.203 [main] INFO  [org.apache.coyote.http11.Http11NioProtocol:179] maincid - Initializing ProtocolHandler ["http-nio-8092"]
2018-05-04 23:20:25.243 [main] INFO  [org.apache.coyote.http11.Http11NioProtocol:179] maincid - Starting ProtocolHandler ["http-nio-8092"]
2018-05-04 23:20:25.307 [main] INFO  [org.apache.tomcat.util.net.NioSelectorPool:179] maincid - Using a shared selector for servlet write/read
2018-05-04 23:20:25.401 [main] INFO  [org.springframework.boot.context.embedded.tomcat.TomcatEmbeddedServletContainer:201] maincid - Tomcat started on port(s): 8092 (http)
2018-05-04 23:20:25.431 [main] INFO  [org.apache.coyote.http11.Http11NioProtocol:179] maincid - Initializing ProtocolHandler ["http-nio-8080"]
2018-05-04 23:20:25.432 [main] INFO  [org.apache.coyote.http11.Http11NioProtocol:179] maincid - Starting ProtocolHandler ["http-nio-8080"]
2018-05-04 23:20:25.436 [main] INFO  [org.apache.tomcat.util.net.NioSelectorPool:179] maincid - Using a shared selector for servlet write/read
2018-05-04 23:20:25.448 [main] INFO  [org.springframework.boot.context.embedded.tomcat.TomcatEmbeddedServletContainer:201] maincid - Tomcat started on port(s): 8080 (http)
2018-05-04 23:20:25.453 [main] INFO  [cn.edu.nju.web.AuthTests:57] maincid - Started AuthTests in 16.553 seconds (JVM running for 21.42)
2018-05-04 23:20:26.340 [Thread-4] INFO  [org.springframework.boot.context.embedded.AnnotationConfigEmbeddedWebApplicationContext:984] Thread-4cid - Closing org.springframework.boot.context.embedded.AnnotationConfigEmbeddedWebApplicationContext@10b9db7b: startup date [Fri May 04 23:20:10 CST 2018]; root of context hierarchy
2018-05-04 23:20:26.341 [Thread-4] INFO  [org.springframework.boot.context.embedded.AnnotationConfigEmbeddedWebApplicationContext:984] Thread-4cid - Closing org.springframework.boot.context.embedded.AnnotationConfigEmbeddedWebApplicationContext@10e9a5fe: startup date [Fri May 04 23:20:23 CST 2018]; parent: org.springframework.boot.context.embedded.AnnotationConfigEmbeddedWebApplicationContext@10b9db7b
